2021-08-18 13:45:30,714 ------ Started new session ------
2021-08-18 13:47:47,458 Skipped /Users/martinbernstorff/Library/Mobile Documents/iCloud~md~obsidian/Documents/Life Lessons/-Self-recommendations.md since it didn't contain #p0
2021-08-18 13:47:47,458 Skipped /Users/martinbernstorff/Library/Mobile Documents/iCloud~md~obsidian/Documents/Life Lessons/Lichen planus.md since it didn't contain #p0
2021-08-18 13:47:47,459 Skipped /Users/martinbernstorff/Library/Mobile Documents/iCloud~md~obsidian/Documents/Life Lessons/Akut glaukom.md since it didn't contain #p0
2021-08-18 13:47:47,459 Skipped /Users/martinbernstorff/Library/Mobile Documents/iCloud~md~obsidian/Documents/Life Lessons/What in life gets you -really- excited.md since it didn't contain #p0
2021-08-18 13:47:47,460 Skipped /Users/martinbernstorff/Library/Mobile Documents/iCloud~md~obsidian/Documents/Life Lessons/Ethical responsiveness.md since it didn't contain #p0
2021-08-18 13:47:47,460 Skipped /Users/martinbernstorff/Library/Mobile Documents/iCloud~md~obsidian/Documents/Life Lessons/What makes time well spent.md since it didn't contain #p0
2021-08-18 13:47:47,461 Skipped /Users/martinbernstorff/Library/Mobile Documents/iCloud~md~obsidian/Documents/Life Lessons/How do I migrate ideas from Obsidian to execution.md since it didn't contain #p0
2021-08-18 13:47:47,462 Skipped /Users/martinbernstorff/Library/Mobile Documents/iCloud~md~obsidian/Documents/Life Lessons/Find people who inspire you.md since it didn't contain #p0
2021-08-18 13:47:47,462 Skipped /Users/martinbernstorff/Library/Mobile Documents/iCloud~md~obsidian/Documents/Life Lessons/Undersøgelse af underben.md since it didn't contain #p0
2021-08-18 13:47:47,462 Skipped /Users/martinbernstorff/Library/Mobile Documents/iCloud~md~obsidian/Documents/Life Lessons/15 Oct 2020 at 10-27.md since it didn't contain #p0
2021-08-18 13:47:47,463 Skipped /Users/martinbernstorff/Library/Mobile Documents/iCloud~md~obsidian/Documents/Life Lessons/Træthed.md since it didn't contain #p0
2021-08-18 13:47:47,463 Skipped /Users/martinbernstorff/Library/Mobile Documents/iCloud~md~obsidian/Documents/Life Lessons/Can we use the decision trees for parenthood decision.md since it didn't contain #p0
2021-08-18 13:47:47,464 Skipped /Users/martinbernstorff/Library/Mobile Documents/iCloud~md~obsidian/Documents/Life Lessons/Perihepatit.md since it didn't contain #p0
2021-08-18 13:47:47,464 Skipped /Users/martinbernstorff/Library/Mobile Documents/iCloud~md~obsidian/Documents/Life Lessons/A weekday in my ideal partnership – vision from 25-07-2021.md since it didn't contain #p0
2021-08-18 13:47:47,465 Skipped /Users/martinbernstorff/Library/Mobile Documents/iCloud~md~obsidian/Documents/Life Lessons/Lipom.md since it didn't contain #p0
2021-08-18 13:47:47,465 Skipped /Users/martinbernstorff/Library/Mobile Documents/iCloud~md~obsidian/Documents/Life Lessons/Avoid overinforming.md since it didn't contain #p0
2021-08-18 13:47:47,466 Skipped /Users/martinbernstorff/Library/Mobile Documents/iCloud~md~obsidian/Documents/Life Lessons/Fourniers gangræn.md since it didn't contain #p0
2021-08-18 13:47:47,466 Skipped /Users/martinbernstorff/Library/Mobile Documents/iCloud~md~obsidian/Documents/Life Lessons/Design systems that align emotions with cognitions.md since it didn't contain #p0
2021-08-18 13:47:47,466 Skipped /Users/martinbernstorff/Library/Mobile Documents/iCloud~md~obsidian/Documents/Life Lessons/Ego depletion.md since it didn't contain #p0
2021-08-18 13:47:47,467 Skipped /Users/martinbernstorff/Library/Mobile Documents/iCloud~md~obsidian/Documents/Life Lessons/Can I use reinforcement learning for suggesting activities.md since it didn't contain #p0
2021-08-18 13:47:47,467 Skipped /Users/martinbernstorff/Library/Mobile Documents/iCloud~md~obsidian/Documents/Life Lessons/Neers klassifikation.md since it didn't contain #p0
2021-08-18 13:47:47,467 Skipped /Users/martinbernstorff/Library/Mobile Documents/iCloud~md~obsidian/Documents/Life Lessons/Udfaldsdefinition T2DBM.md since it didn't contain #p0
2021-08-18 13:47:47,468 Skipped /Users/martinbernstorff/Library/Mobile Documents/iCloud~md~obsidian/Documents/Life Lessons/Caring emotionally might be necessary.md since it didn't contain #p0
2021-08-18 13:47:47,468 Skipped /Users/martinbernstorff/Library/Mobile Documents/iCloud~md~obsidian/Documents/Life Lessons/Graves sygdom.md since it didn't contain #p0
2021-08-18 13:47:47,469 Skipped /Users/martinbernstorff/Library/Mobile Documents/iCloud~md~obsidian/Documents/Life Lessons/Springhofte.md since it didn't contain #p0
2021-08-18 13:47:47,469 Skipped /Users/martinbernstorff/Library/Mobile Documents/iCloud~md~obsidian/Documents/Life Lessons/This is backed by a lot of research, and it makes for a much more meaningful life as well.md since it didn't contain #p0
2021-08-18 13:47:47,470 Skipped /Users/martinbernstorff/Library/Mobile Documents/iCloud~md~obsidian/Documents/Life Lessons/Decollementlæsion.md since it didn't contain #p0
2021-08-18 13:47:47,470 Skipped /Users/martinbernstorff/Library/Mobile Documents/iCloud~md~obsidian/Documents/Life Lessons/Telangieektasier.md since it didn't contain #p0
2021-08-18 13:47:47,470 Skipped /Users/martinbernstorff/Library/Mobile Documents/iCloud~md~obsidian/Documents/Life Lessons/Living by values keeps your choices open.md since it didn't contain #p0
2021-08-18 13:47:47,471 Skipped /Users/martinbernstorff/Library/Mobile Documents/iCloud~md~obsidian/Documents/Life Lessons/Kateter.md since it didn't contain #p0
2021-08-18 13:47:47,471 Skipped /Users/martinbernstorff/Library/Mobile Documents/iCloud~md~obsidian/Documents/Life Lessons/Pitfalls of borrowing a child.md since it didn't contain #p0
2021-08-18 13:47:47,471 Skipped /Users/martinbernstorff/Library/Mobile Documents/iCloud~md~obsidian/Documents/Life Lessons/What are the advantages of feeds to batches (ie- email to facebook).md since it didn't contain #p0
2021-08-18 13:47:47,472 Skipped /Users/martinbernstorff/Library/Mobile Documents/iCloud~md~obsidian/Documents/Life Lessons/Summarized in just a few sentences, what is your life's story.md since it didn't contain #p0
2021-08-18 13:47:47,472 Skipped /Users/martinbernstorff/Library/Mobile Documents/iCloud~md~obsidian/Documents/Life Lessons/Systems should stabilise desired states.md since it didn't contain #p0
2021-08-18 13:47:47,472 /Users/martinbernstorff/Library/Mobile Documents/iCloud~md~obsidian/Documents/Life Lessons/When do I want to initiate auditioning in dating.md contains #p0
2021-08-18 13:47:47,472 Checking /Users/martinbernstorff/Library/Mobile Documents/iCloud~md~obsidian/Documents/Life Lessons/When do I want to initiate auditioning in dating.md for excluded_tag #work
2021-08-18 13:47:47,473 Didn't skip /Users/martinbernstorff/Library/Mobile Documents/iCloud~md~obsidian/Documents/Life Lessons/When do I want to initiate auditioning in dating.md since it didn't match #work
2021-08-18 14:22:20,954 Next, opened = 2
2021-08-18 14:22:20,959 Skipped /Users/martinbernstorff/Library/Mobile Documents/iCloud~md~obsidian/Documents/Life Lessons/When should we explain things to others.md since it didn't contain #p0
2021-08-18 14:22:20,961 Skipped /Users/martinbernstorff/Library/Mobile Documents/iCloud~md~obsidian/Documents/Life Lessons/Only glance at utility to nurture curiosity.md since it didn't contain #p0
2021-08-18 14:22:20,962 Skipped /Users/martinbernstorff/Library/Mobile Documents/iCloud~md~obsidian/Documents/Life Lessons/Meaningness.md since it didn't contain #p0
2021-08-18 14:22:20,962 Skipped /Users/martinbernstorff/Library/Mobile Documents/iCloud~md~obsidian/Documents/Life Lessons/Skånekost.md since it didn't contain #p0
2021-08-18 14:22:20,963 Skipped /Users/martinbernstorff/Library/Mobile Documents/iCloud~md~obsidian/Documents/Life Lessons/Meta-skills for scientific productivity.md since it didn't contain #p0
2021-08-18 14:22:20,964 Skipped /Users/martinbernstorff/Library/Mobile Documents/iCloud~md~obsidian/Documents/Life Lessons/Abductor pollicis longus.md since it didn't contain #p0
2021-08-18 14:22:20,965 Skipped /Users/martinbernstorff/Library/Mobile Documents/iCloud~md~obsidian/Documents/Life Lessons/C-peptid.md since it didn't contain #p0
2021-08-18 14:22:20,966 Skipped /Users/martinbernstorff/Library/Mobile Documents/iCloud~md~obsidian/Documents/Life Lessons/Subordinate non-bottlenecks.md since it didn't contain #p0
2021-08-18 14:22:20,967 Skipped /Users/martinbernstorff/Library/Mobile Documents/iCloud~md~obsidian/Documents/Life Lessons/Bartolinit.md since it didn't contain #p0
2021-08-18 14:22:20,968 Skipped /Users/martinbernstorff/Library/Mobile Documents/iCloud~md~obsidian/Documents/Life Lessons/ARB.md since it didn't contain #p0
2021-08-18 14:22:20,968 Skipped /Users/martinbernstorff/Library/Mobile Documents/iCloud~md~obsidian/Documents/Life Lessons/Ensure you meet deadlines.md since it didn't contain #p0
2021-08-18 14:22:20,969 Skipped /Users/martinbernstorff/Library/Mobile Documents/iCloud~md~obsidian/Documents/Life Lessons/Spaced repetition is about changing yourself.md since it didn't contain #p0
2021-08-18 14:22:20,970 Skipped /Users/martinbernstorff/Library/Mobile Documents/iCloud~md~obsidian/Documents/Life Lessons/Olecranonfraktur.md since it didn't contain #p0
2021-08-18 14:22:20,971 Skipped /Users/martinbernstorff/Library/Mobile Documents/iCloud~md~obsidian/Documents/Life Lessons/Thought and feeling control strategies can cause problems.md since it didn't contain #p0
2021-08-18 14:22:20,971 Skipped /Users/martinbernstorff/Library/Mobile Documents/iCloud~md~obsidian/Documents/Life Lessons/Kolinerg urticaria.md since it didn't contain #p0
2021-08-18 14:22:20,972 Skipped /Users/martinbernstorff/Library/Mobile Documents/iCloud~md~obsidian/Documents/Life Lessons/Interpretation.md since it didn't contain #p0
2021-08-18 14:22:20,973 Skipped /Users/martinbernstorff/Library/Mobile Documents/iCloud~md~obsidian/Documents/Life Lessons/Finishing increases gains.md since it didn't contain #p0
2021-08-18 14:22:20,974 Skipped /Users/martinbernstorff/Library/Mobile Documents/iCloud~md~obsidian/Documents/Life Lessons/Keeping media salient without inboxes.md since it didn't contain #p0
2021-08-18 14:22:20,974 Skipped /Users/martinbernstorff/Library/Mobile Documents/iCloud~md~obsidian/Documents/Life Lessons/Urinretention.md since it didn't contain #p0
2021-08-18 14:22:20,975 Skipped /Users/martinbernstorff/Library/Mobile Documents/iCloud~md~obsidian/Documents/Life Lessons/Negative consequences of gaming.md since it didn't contain #p0
2021-08-18 14:22:20,976 Skipped /Users/martinbernstorff/Library/Mobile Documents/iCloud~md~obsidian/Documents/Life Lessons/Use heuristics.md since it didn't contain #p0
2021-08-18 14:22:20,976 Skipped /Users/martinbernstorff/Library/Mobile Documents/iCloud~md~obsidian/Documents/Life Lessons/Anorchia.md since it didn't contain #p0
2021-08-18 14:22:20,977 Skipped /Users/martinbernstorff/Library/Mobile Documents/iCloud~md~obsidian/Documents/Life Lessons/ACT has allowed me to look forward to normal things again.md since it didn't contain #p0
2021-08-18 14:22:20,977 Skipped /Users/martinbernstorff/Library/Mobile Documents/iCloud~md~obsidian/Documents/Life Lessons/§The virtuous cycle of thought, action and behaviour.md since it didn't contain #p0
2021-08-18 14:22:20,978 Skipped /Users/martinbernstorff/Library/Mobile Documents/iCloud~md~obsidian/Documents/Life Lessons/Habitual and intentional behaviour are different.md since it didn't contain #p0
2021-08-18 14:22:20,979 Skipped /Users/martinbernstorff/Library/Mobile Documents/iCloud~md~obsidian/Documents/Life Lessons/How do I select new projects.md since it didn't contain #p0
2021-08-18 14:22:20,979 Skipped /Users/martinbernstorff/Library/Mobile Documents/iCloud~md~obsidian/Documents/Life Lessons/Mapping systems reveal non-intuitive points for intervention.md since it didn't contain #p0
2021-08-18 14:22:20,980 Skipped /Users/martinbernstorff/Library/Mobile Documents/iCloud~md~obsidian/Documents/Life Lessons/Under which circumstances is novelty search the optimal algorithm, and how does it relate to goal-setting.md since it didn't contain #p0
2021-08-18 14:22:20,980 Skipped /Users/martinbernstorff/Library/Mobile Documents/iCloud~md~obsidian/Documents/Life Lessons/Self-regulation definitions.md since it didn't contain #p0
2021-08-18 14:22:20,981 Skipped /Users/martinbernstorff/Library/Mobile Documents/iCloud~md~obsidian/Documents/Life Lessons/Overfitting.md since it didn't contain #p0
2021-08-18 14:22:20,981 Skipped /Users/martinbernstorff/Library/Mobile Documents/iCloud~md~obsidian/Documents/Life Lessons/Undersøgelse af børn.md since it didn't contain #p0
2021-08-18 14:22:20,982 Skipped /Users/martinbernstorff/Library/Mobile Documents/iCloud~md~obsidian/Documents/Life Lessons/§Fald.md since it didn't contain #p0
2021-08-18 14:22:20,982 Skipped /Users/martinbernstorff/Library/Mobile Documents/iCloud~md~obsidian/Documents/Life Lessons/People can only support your intentions if they know what they are.md since it didn't contain #p0
2021-08-18 14:22:20,983 Skipped /Users/martinbernstorff/Library/Mobile Documents/iCloud~md~obsidian/Documents/Life Lessons/Tidsmæssig stabilitet.md since it didn't contain #p0
2021-08-18 14:22:20,983 Skipped /Users/martinbernstorff/Library/Mobile Documents/iCloud~md~obsidian/Documents/Life Lessons/Stress.md since it didn't contain #p0
2021-08-18 14:22:20,984 Skipped /Users/martinbernstorff/Library/Mobile Documents/iCloud~md~obsidian/Documents/Life Lessons/Habitual behaviour can be changed.md since it didn't contain #p0
2021-08-18 14:22:20,984 Skipped /Users/martinbernstorff/Library/Mobile Documents/iCloud~md~obsidian/Documents/Life Lessons/Böhlervinklen.md since it didn't contain #p0
2021-08-18 14:22:20,985 Skipped /Users/martinbernstorff/Library/Mobile Documents/iCloud~md~obsidian/Documents/Life Lessons/Ledderhosens sygdom.md since it didn't contain #p0
2021-08-18 14:22:20,985 Skipped /Users/martinbernstorff/Library/Mobile Documents/iCloud~md~obsidian/Documents/Life Lessons/Bilirubin.md since it didn't contain #p0
2021-08-18 14:22:20,986 Skipped /Users/martinbernstorff/Library/Mobile Documents/iCloud~md~obsidian/Documents/Life Lessons/Non-specific symptoms are independent of somatization-disorders.md since it didn't contain #p0
2021-08-18 14:22:20,986 Skipped /Users/martinbernstorff/Library/Mobile Documents/iCloud~md~obsidian/Documents/Life Lessons/Coxitis simplex.md since it didn't contain #p0
2021-08-18 14:22:20,987 Skipped /Users/martinbernstorff/Library/Mobile Documents/iCloud~md~obsidian/Documents/Life Lessons/Sekundær hypothyreose.md since it didn't contain #p0
2021-08-18 14:22:20,988 Skipped /Users/martinbernstorff/Library/Mobile Documents/iCloud~md~obsidian/Documents/Life Lessons/Forstoppelse (brug obstipation).md since it didn't contain #p0
2021-08-18 14:22:20,988 Skipped /Users/martinbernstorff/Library/Mobile Documents/iCloud~md~obsidian/Documents/Life Lessons/Kreatinin.md since it didn't contain #p0
2021-08-18 14:22:20,989 Skipped /Users/martinbernstorff/Library/Mobile Documents/iCloud~md~obsidian/Documents/Life Lessons/Primær profylakse.md since it didn't contain #p0
2021-08-18 14:22:20,989 Skipped /Users/martinbernstorff/Library/Mobile Documents/iCloud~md~obsidian/Documents/Life Lessons/Kraniofaryngeom.md since it didn't contain #p0
2021-08-18 14:22:20,990 Skipped /Users/martinbernstorff/Library/Mobile Documents/iCloud~md~obsidian/Documents/Life Lessons/Candida.md since it didn't contain #p0
2021-08-18 14:22:20,990 Skipped /Users/martinbernstorff/Library/Mobile Documents/iCloud~md~obsidian/Documents/Life Lessons/Add next actions for goals to Life Well Spent.md since it didn't contain #p0
2021-08-18 14:22:20,991 Skipped /Users/martinbernstorff/Library/Mobile Documents/iCloud~md~obsidian/Documents/Life Lessons/How does ACT defusion differ from dissociation.md since it didn't contain #p0
2021-08-18 14:22:20,991 Skipped /Users/martinbernstorff/Library/Mobile Documents/iCloud~md~obsidian/Documents/Life Lessons/Denis-klassifikationen.md since it didn't contain #p0
2021-08-18 14:22:20,992 Skipped /Users/martinbernstorff/Library/Mobile Documents/iCloud~md~obsidian/Documents/Life Lessons/Patellofemoralt smertesyndrom.md since it didn't contain #p0
2021-08-18 14:22:20,992 /Users/martinbernstorff/Library/Mobile Documents/iCloud~md~obsidian/Documents/Life Lessons/What do I want my response time to be for different inboxes.md contains #p0
2021-08-18 14:22:20,992 Checking /Users/martinbernstorff/Library/Mobile Documents/iCloud~md~obsidian/Documents/Life Lessons/What do I want my response time to be for different inboxes.md for excluded_tag #work
2021-08-18 14:22:20,992 Didn't skip /Users/martinbernstorff/Library/Mobile Documents/iCloud~md~obsidian/Documents/Life Lessons/What do I want my response time to be for different inboxes.md since it didn't match #work
