2021-03-15 20:31:46,877 ------ Started new session ------
2021-03-15 20:31:50,589 Skipped /Users/martinbernstorff/Life Lessons Git/Life Lessons Bear/Vesikuløs hånddermatitis.md since it didn't contain #p0
2021-03-15 20:31:50,589 Skipped /Users/martinbernstorff/Life Lessons Git/Life Lessons Bear/Case-kontrol studier.md since it didn't contain #p0
2021-03-15 20:31:50,590 Skipped /Users/martinbernstorff/Life Lessons Git/Life Lessons Bear/Otolog.md since it didn't contain #p0
2021-03-15 20:31:50,590 Skipped /Users/martinbernstorff/Life Lessons Git/Life Lessons Bear/Articles are more likely to overfit.md since it didn't contain #p0
2021-03-15 20:31:50,590 Skipped /Users/martinbernstorff/Life Lessons Git/Life Lessons Bear/The personal mnemonic medium programs attention.md since it didn't contain #p0
2021-03-15 20:31:50,591 Skipped /Users/martinbernstorff/Life Lessons Git/Life Lessons Bear/Implement private mode for incremental thinking.md since it didn't contain #p0
2021-03-15 20:31:50,591 Skipped /Users/martinbernstorff/Life Lessons Git/Life Lessons Bear/Career.md since it didn't contain #p0
2021-03-15 20:31:50,592 Skipped /Users/martinbernstorff/Life Lessons Git/Life Lessons Bear/Kreatininkinase.md since it didn't contain #p0
2021-03-15 20:31:50,592 Skipped /Users/martinbernstorff/Life Lessons Git/Life Lessons Bear/Bidsår.md since it didn't contain #p0
2021-03-15 20:31:50,593 Skipped /Users/martinbernstorff/Life Lessons Git/Life Lessons Bear/MEN.md since it didn't contain #p0
2021-03-15 20:31:50,594 Skipped /Users/martinbernstorff/Life Lessons Git/Life Lessons Bear/Lungesygdom.md since it didn't contain #p0
2021-03-15 20:31:50,595 Skipped /Users/martinbernstorff/Life Lessons Git/Life Lessons Bear/Retrieval practice prompts should be -effortful.md since it didn't contain #p0
2021-03-15 20:31:50,595 Skipped /Users/martinbernstorff/Life Lessons Git/Life Lessons Bear/§Do I want to stay with Mieke.md since it didn't contain #p0
2021-03-15 20:31:50,596 Skipped /Users/martinbernstorff/Life Lessons Git/Life Lessons Bear/1- trimesters graviditetsus.md since it didn't contain #p0
2021-03-15 20:31:50,596 Skipped /Users/martinbernstorff/Life Lessons Git/Life Lessons Bear/A working definition.md since it didn't contain #p0
2021-03-15 20:31:50,597 Skipped /Users/martinbernstorff/Life Lessons Git/Life Lessons Bear/LDH.md since it didn't contain #p0
2021-03-15 20:31:50,597 Skipped /Users/martinbernstorff/Life Lessons Git/Life Lessons Bear/Ønskebrønden.md since it didn't contain #p0
2021-03-15 20:31:50,598 Skipped /Users/martinbernstorff/Life Lessons Git/Life Lessons Bear/Lymfom.md since it didn't contain #p0
2021-03-15 20:31:50,598 Skipped /Users/martinbernstorff/Life Lessons Git/Life Lessons Bear/Is it useful to group NSS.md since it didn't contain #p0
2021-03-15 20:31:50,599 Skipped /Users/martinbernstorff/Life Lessons Git/Life Lessons Bear/Bradykinin.md since it didn't contain #p0
2021-03-15 20:31:50,599 Skipped /Users/martinbernstorff/Life Lessons Git/Life Lessons Bear/4-årsundersøgelsen.md since it didn't contain #p0
2021-03-15 20:31:50,599 Skipped /Users/martinbernstorff/Life Lessons Git/Life Lessons Bear/Massage.md since it didn't contain #p0
2021-03-15 20:31:50,600 Skipped /Users/martinbernstorff/Life Lessons Git/Life Lessons Bear/Urge.md since it didn't contain #p0
2021-03-15 20:31:50,600 Skipped /Users/martinbernstorff/Life Lessons Git/Life Lessons Bear/Present-focused.md since it didn't contain #p0
2021-03-15 20:31:50,601 Skipped /Users/martinbernstorff/Life Lessons Git/Life Lessons Bear/Thyrotoxikose (brug hyperthyreose).md since it didn't contain #p0
2021-03-15 20:31:50,601 Skipped /Users/martinbernstorff/Life Lessons Git/Life Lessons Bear/Slack is required for improvement.md since it didn't contain #p0
2021-03-15 20:31:50,601 Skipped /Users/martinbernstorff/Life Lessons Git/Life Lessons Bear/Complice er fortidsmartin som mentor.md since it didn't contain #p0
2021-03-15 20:31:50,602 Skipped /Users/martinbernstorff/Life Lessons Git/Life Lessons Bear/Set adaptive goals.md since it didn't contain #p0
2021-03-15 20:31:50,602 Skipped /Users/martinbernstorff/Life Lessons Git/Life Lessons Bear/Knude i brystet hos kvinder.md since it didn't contain #p0
2021-03-15 20:31:50,602 Skipped /Users/martinbernstorff/Life Lessons Git/Life Lessons Bear/Smitsomme sygdomme hos børn og unge.md since it didn't contain #p0
2021-03-15 20:31:50,603 Skipped /Users/martinbernstorff/Life Lessons Git/Life Lessons Bear/Adding friction facilitates choice.md since it didn't contain #p0
2021-03-15 20:31:50,603 Skipped /Users/martinbernstorff/Life Lessons Git/Life Lessons Bear/Imagery is low utility.md since it didn't contain #p0
2021-03-15 20:31:50,603 Skipped /Users/martinbernstorff/Life Lessons Git/Life Lessons Bear/Poetic language leaves room for interpretation.md since it didn't contain #p0
2021-03-15 20:31:50,604 Skipped /Users/martinbernstorff/Life Lessons Git/Life Lessons Bear/PID.md since it didn't contain #p0
2021-03-15 20:31:50,604 Skipped /Users/martinbernstorff/Life Lessons Git/Life Lessons Bear/Promote Mieke thinking for herself.md since it didn't contain #p0
2021-03-15 20:31:50,605 /Users/martinbernstorff/Life Lessons Git/Life Lessons Bear/Can I build a healthy relationship with gaming.md contains #p0
2021-03-15 20:31:50,605 Checking /Users/martinbernstorff/Life Lessons Git/Life Lessons Bear/Can I build a healthy relationship with gaming.md for excluded_tag #work
2021-03-15 20:31:50,605 Didn't skip /Users/martinbernstorff/Life Lessons Git/Life Lessons Bear/Can I build a healthy relationship with gaming.md since it didn't match #work
2021-03-15 20:33:09,503 Next, opened = 1
2021-03-15 20:33:09,504 Skipped /Users/martinbernstorff/Life Lessons Git/Life Lessons Bear/Ezetimibe.md since it didn't contain #p0
2021-03-15 20:33:09,504 Skipped /Users/martinbernstorff/Life Lessons Git/Life Lessons Bear/On Time Tracking.md since it didn't contain #p0
2021-03-15 20:33:09,505 Skipped /Users/martinbernstorff/Life Lessons Git/Life Lessons Bear/A proper diagnosis is incrementally valid.md since it didn't contain #p0
2021-03-15 20:33:09,505 Skipped /Users/martinbernstorff/Life Lessons Git/Life Lessons Bear/Mieke- Diary.md since it didn't contain #p0
2021-03-15 20:33:09,506 Skipped /Users/martinbernstorff/Life Lessons Git/Life Lessons Bear/How do we develop causal understanding.md since it didn't contain #p0
2021-03-15 20:33:09,506 /Users/martinbernstorff/Life Lessons Git/Life Lessons Bear/Take Beeminder into account.md contains #p0
2021-03-15 20:33:09,506 Checking /Users/martinbernstorff/Life Lessons Git/Life Lessons Bear/Take Beeminder into account.md for excluded_tag #work
2021-03-15 20:33:09,506 Didn't skip /Users/martinbernstorff/Life Lessons Git/Life Lessons Bear/Take Beeminder into account.md since it didn't match #work
2021-03-15 20:33:14,760 Skipped /Users/martinbernstorff/Life Lessons Git/Life Lessons Bear/Warfarin.md since it didn't contain #p0
2021-03-15 20:33:14,761 Skipped /Users/martinbernstorff/Life Lessons Git/Life Lessons Bear/Case 1- Medicin, nødvendighed.md since it didn't contain #p0
2021-03-15 20:33:14,762 Skipped /Users/martinbernstorff/Life Lessons Git/Life Lessons Bear/We have limited control over what we feel.md since it didn't contain #p0
2021-03-15 20:33:14,763 Skipped /Users/martinbernstorff/Life Lessons Git/Life Lessons Bear/Fundamental skills of the knowledge worker.md since it didn't contain #p0
2021-03-15 20:33:14,764 Skipped /Users/martinbernstorff/Life Lessons Git/Life Lessons Bear/Det røde øje.md since it didn't contain #p0
2021-03-15 20:33:14,764 Skipped /Users/martinbernstorff/Life Lessons Git/Life Lessons Bear/Urgency undermines prioritisation.md since it didn't contain #p0
2021-03-15 20:33:14,765 Skipped /Users/martinbernstorff/Life Lessons Git/Life Lessons Bear/Feature Engineering.md since it didn't contain #p0
2021-03-15 20:33:14,765 Skipped /Users/martinbernstorff/Life Lessons Git/Life Lessons Bear/Kawasakis sygdom.md since it didn't contain #p0
2021-03-15 20:33:14,766 Skipped /Users/martinbernstorff/Life Lessons Git/Life Lessons Bear/Psychological detachment.md since it didn't contain #p0
2021-03-15 20:33:14,767 Skipped /Users/martinbernstorff/Life Lessons Git/Life Lessons Bear/30-dages mortalitet.md since it didn't contain #p0
2021-03-15 20:33:14,767 Skipped /Users/martinbernstorff/Life Lessons Git/Life Lessons Bear/Hawkins test.md since it didn't contain #p0
2021-03-15 20:33:14,768 Skipped /Users/martinbernstorff/Life Lessons Git/Life Lessons Bear/Urin-inkontinens.md since it didn't contain #p0
2021-03-15 20:33:14,768 Skipped /Users/martinbernstorff/Life Lessons Git/Life Lessons Bear/Parenthood takes time.md since it didn't contain #p0
2021-03-15 20:33:14,769 Skipped /Users/martinbernstorff/Life Lessons Git/Life Lessons Bear/Infantilt hæmangiom.md since it didn't contain #p0
2021-03-15 20:33:14,770 Skipped /Users/martinbernstorff/Life Lessons Git/Life Lessons Bear/MIP leads to better decisions.md since it didn't contain #p0
2021-03-15 20:33:14,770 Skipped /Users/martinbernstorff/Life Lessons Git/Life Lessons Bear/Tension between planning and discovering innovation.md since it didn't contain #p0
2021-03-15 20:33:14,771 Skipped /Users/martinbernstorff/Life Lessons Git/Life Lessons Bear/Osteosarkom.md since it didn't contain #p0
2021-03-15 20:33:14,771 Skipped /Users/martinbernstorff/Life Lessons Git/Life Lessons Bear/Teriparatid.md since it didn't contain #p0
2021-03-15 20:33:14,772 Skipped /Users/martinbernstorff/Life Lessons Git/Life Lessons Bear/Why I date.md since it didn't contain #p0
2021-03-15 20:33:14,772 Skipped /Users/martinbernstorff/Life Lessons Git/Life Lessons Bear/§Activity types.md since it didn't contain #p0
2021-03-15 20:33:14,773 Skipped /Users/martinbernstorff/Life Lessons Git/Life Lessons Bear/Knæartrose.md since it didn't contain #p0
2021-03-15 20:33:14,774 Skipped /Users/martinbernstorff/Life Lessons Git/Life Lessons Bear/Naevus flammeus.md since it didn't contain #p0
2021-03-15 20:33:14,774 Skipped /Users/martinbernstorff/Life Lessons Git/Life Lessons Bear/Intuition requires plentiful practice.md since it didn't contain #p0
2021-03-15 20:33:14,775 Skipped /Users/martinbernstorff/Life Lessons Git/Life Lessons Bear/En måde at skalere op på er at lade mig lave analyserne, og så få en specialestuderende til at skrive opgaven.md since it didn't contain #p0
2021-03-15 20:33:14,775 Skipped /Users/martinbernstorff/Life Lessons Git/Life Lessons Bear/hCG-test.md since it didn't contain #p0
2021-03-15 20:33:14,776 Skipped /Users/martinbernstorff/Life Lessons Git/Life Lessons Bear/Determining prescription durations based on the parametric waiting time distribution.md since it didn't contain #p0
2021-03-15 20:33:14,776 Skipped /Users/martinbernstorff/Life Lessons Git/Life Lessons Bear/Frame deficits as opportunity.md since it didn't contain #p0
2021-03-15 20:33:14,777 Skipped /Users/martinbernstorff/Life Lessons Git/Life Lessons Bear/Finishing increases gains.md since it didn't contain #p0
2021-03-15 20:33:14,777 Skipped /Users/martinbernstorff/Life Lessons Git/Life Lessons Bear/CRP.md since it didn't contain #p0
2021-03-15 20:33:14,778 Skipped /Users/martinbernstorff/Life Lessons Git/Life Lessons Bear/Perspectives on how to feel about spaced repetition.md since it didn't contain #p0
2021-03-15 20:33:14,779 Skipped /Users/martinbernstorff/Life Lessons Git/Life Lessons Bear/Pitch- Which diagnoses are the different NSS symptoms associated with.md since it didn't contain #p0
2021-03-15 20:33:14,779 Skipped /Users/martinbernstorff/Life Lessons Git/Life Lessons Bear/Choosing is fallible.md since it didn't contain #p0
2021-03-15 20:33:14,780 Skipped /Users/martinbernstorff/Life Lessons Git/Life Lessons Bear/Glucokortikoid.md since it didn't contain #p0
2021-03-15 20:33:14,780 Skipped /Users/martinbernstorff/Life Lessons Git/Life Lessons Bear/Lateral epicondylitis.md since it didn't contain #p0
2021-03-15 20:33:14,780 Skipped /Users/martinbernstorff/Life Lessons Git/Life Lessons Bear/Fibrøs dysplasi.md since it didn't contain #p0
2021-03-15 20:33:14,781 Skipped /Users/martinbernstorff/Life Lessons Git/Life Lessons Bear/Piriformissyndrom.md since it didn't contain #p0
2021-03-15 20:33:14,781 Skipped /Users/martinbernstorff/Life Lessons Git/Life Lessons Bear/Plan your day.md since it didn't contain #p0
2021-03-15 20:33:14,782 Skipped /Users/martinbernstorff/Life Lessons Git/Life Lessons Bear/Blødningstendens.md since it didn't contain #p0
2021-03-15 20:33:14,782 Skipped /Users/martinbernstorff/Life Lessons Git/Life Lessons Bear/Attention is everything.md since it didn't contain #p0
2021-03-15 20:33:14,783 Skipped /Users/martinbernstorff/Life Lessons Git/Life Lessons Bear/Learning algorithm selection.md since it didn't contain #p0
2021-03-15 20:33:14,783 Skipped /Users/martinbernstorff/Life Lessons Git/Life Lessons Bear/Let go of disputes.md since it didn't contain #p0
2021-03-15 20:33:14,783 Skipped /Users/martinbernstorff/Life Lessons Git/Life Lessons Bear/Gaming and depression can become a positive feedback loop.md since it didn't contain #p0
2021-03-15 20:33:14,784 Skipped /Users/martinbernstorff/Life Lessons Git/Life Lessons Bear/Nudge towards repeated effort in ideation.md since it didn't contain #p0
2021-03-15 20:33:14,784 Skipped /Users/martinbernstorff/Life Lessons Git/Life Lessons Bear/§The virtuous cycle of thought, action and behaviour.md since it didn't contain #p0
2021-03-15 20:33:14,785 Skipped /Users/martinbernstorff/Life Lessons Git/Life Lessons Bear/Spironolakton.md since it didn't contain #p0
2021-03-15 20:33:14,785 Skipped /Users/martinbernstorff/Life Lessons Git/Life Lessons Bear/Fixed time, variable scope.md since it didn't contain #p0
2021-03-15 20:33:14,786 Skipped /Users/martinbernstorff/Life Lessons Git/Life Lessons Bear/MIP allows transferable skills.md since it didn't contain #p0
2021-03-15 20:33:14,786 Skipped /Users/martinbernstorff/Life Lessons Git/Life Lessons Bear/Am I fit to be a parent.md since it didn't contain #p0
2021-03-15 20:33:14,787 /Users/martinbernstorff/Life Lessons Git/Life Lessons Bear/Can I keep purposes more salient day to day.md contains #p0
2021-03-15 20:33:14,787 Checking /Users/martinbernstorff/Life Lessons Git/Life Lessons Bear/Can I keep purposes more salient day to day.md for excluded_tag #work
2021-03-15 20:33:14,787 Didn't skip /Users/martinbernstorff/Life Lessons Git/Life Lessons Bear/Can I keep purposes more salient day to day.md since it didn't match #work
