2021-03-18 14:30:24,526 ------ Started new session ------
2021-03-18 14:30:30,058 Skipped /Users/martinbernstorff/Life Lessons Git/Life Lessons Bear/§Chiasma opticum.md since it didn't contain #p0
2021-03-18 14:30:30,059 Skipped /Users/martinbernstorff/Life Lessons Git/Life Lessons Bear/§Activity types.md since it didn't contain #p0
2021-03-18 14:30:30,060 Skipped /Users/martinbernstorff/Life Lessons Git/Life Lessons Bear/Idiopatisk hypertension.md since it didn't contain #p0
2021-03-18 14:30:30,060 Skipped /Users/martinbernstorff/Life Lessons Git/Life Lessons Bear/Convincing presentation of results determines scientific productivity.md since it didn't contain #p0
2021-03-18 14:30:30,061 Skipped /Users/martinbernstorff/Life Lessons Git/Life Lessons Bear/Senn 2018 – Statistical pitfalls of personalised medicine.md since it didn't contain #p0
2021-03-18 14:30:30,061 Skipped /Users/martinbernstorff/Life Lessons Git/Life Lessons Bear/Akutte flankesmerter.md since it didn't contain #p0
2021-03-18 14:30:30,062 Skipped /Users/martinbernstorff/Life Lessons Git/Life Lessons Bear/Feedback slows you down.md since it didn't contain #p0
2021-03-18 14:30:30,062 Skipped /Users/martinbernstorff/Life Lessons Git/Life Lessons Bear/Code for experiments on time.md since it didn't contain #p0
2021-03-18 14:30:30,063 Skipped /Users/martinbernstorff/Life Lessons Git/Life Lessons Bear/Do I want to track my sleep again.md since it didn't contain #p0
2021-03-18 14:30:30,063 Skipped /Users/martinbernstorff/Life Lessons Git/Life Lessons Bear/Analysis paralysis.md since it didn't contain #p0
2021-03-18 14:30:30,063 Skipped /Users/martinbernstorff/Life Lessons Git/Life Lessons Bear/Pigmenteret basocellulært karcinom.md since it didn't contain #p0
2021-03-18 14:30:30,064 Skipped /Users/martinbernstorff/Life Lessons Git/Life Lessons Bear/Hofteartrose.md since it didn't contain #p0
2021-03-18 14:30:30,064 Skipped /Users/martinbernstorff/Life Lessons Git/Life Lessons Bear/Is MHC a useful conceptualisation.md since it didn't contain #p0
2021-03-18 14:30:30,065 Skipped /Users/martinbernstorff/Life Lessons Git/Life Lessons Bear/A proper diagnosis should be of benefit to the patient.md since it didn't contain #p0
2021-03-18 14:30:30,065 Skipped /Users/martinbernstorff/Life Lessons Git/Life Lessons Bear/§My optional execution system.md since it didn't contain #p0
2021-03-18 14:30:30,066 Skipped /Users/martinbernstorff/Life Lessons Git/Life Lessons Bear/Chapman et al.md since it didn't contain #p0
2021-03-18 14:30:30,066 Skipped /Users/martinbernstorff/Life Lessons Git/Life Lessons Bear/Pitch- Which diagnoses are the different NSS symptoms associated with.md since it didn't contain #p0
2021-03-18 14:30:30,066 Skipped /Users/martinbernstorff/Life Lessons Git/Life Lessons Bear/§Principles for improving thinking.md since it didn't contain #p0
2021-03-18 14:30:30,067 Skipped /Users/martinbernstorff/Life Lessons Git/Life Lessons Bear/What was the biggest turning point in your life, and how did that experience change you.md since it didn't contain #p0
2021-03-18 14:30:30,067 Skipped /Users/martinbernstorff/Life Lessons Git/Life Lessons Bear/Conjunctivitis.md since it didn't contain #p0
2021-03-18 14:30:30,068 Skipped /Users/martinbernstorff/Life Lessons Git/Life Lessons Bear/Spend your time on your craft.md since it didn't contain #p0
2021-03-18 14:30:30,068 Skipped /Users/martinbernstorff/Life Lessons Git/Life Lessons Bear/Scabies.md since it didn't contain #p0
2021-03-18 14:30:30,069 Skipped /Users/martinbernstorff/Life Lessons Git/Life Lessons Bear/2020-09-08 16-16-38.md since it didn't contain #p0
2021-03-18 14:30:30,069 Skipped /Users/martinbernstorff/Life Lessons Git/Life Lessons Bear/Compassion isn't draining.md since it didn't contain #p0
2021-03-18 14:30:30,069 Skipped /Users/martinbernstorff/Life Lessons Git/Life Lessons Bear/Metrics may be less problematic when you're in control of them and know the context.md since it didn't contain #p0
2021-03-18 14:30:30,070 Skipped /Users/martinbernstorff/Life Lessons Git/Life Lessons Bear/What I value being in a romantic relationship.md since it didn't contain #p0
2021-03-18 14:30:30,071 Skipped /Users/martinbernstorff/Life Lessons Git/Life Lessons Bear/How does Meaningness and ACT fit together-conflict.md since it didn't contain #p0
2021-03-18 14:30:30,071 Skipped /Users/martinbernstorff/Life Lessons Git/Life Lessons Bear/When is focus sub-optimal.md since it didn't contain #p0
2021-03-18 14:30:30,071 Skipped /Users/martinbernstorff/Life Lessons Git/Life Lessons Bear/Optimise the academic feedback cycle.md since it didn't contain #p0
2021-03-18 14:30:30,072 Skipped /Users/martinbernstorff/Life Lessons Git/Life Lessons Bear/Plan for failure.md since it didn't contain #p0
2021-03-18 14:30:30,072 Skipped /Users/martinbernstorff/Life Lessons Git/Life Lessons Bear/Hæmokromatose.md since it didn't contain #p0
2021-03-18 14:30:30,073 Skipped /Users/martinbernstorff/Life Lessons Git/Life Lessons Bear/Herpes zoster.md since it didn't contain #p0
2021-03-18 14:30:30,073 Skipped /Users/martinbernstorff/Life Lessons Git/Life Lessons Bear/2020-09-17 16-33-36.md since it didn't contain #p0
2021-03-18 14:30:30,073 Skipped /Users/martinbernstorff/Life Lessons Git/Life Lessons Bear/Do I want the inklings to be in the same system as the more durable notes.md since it didn't contain #p0
2021-03-18 14:30:30,074 Skipped /Users/martinbernstorff/Life Lessons Git/Life Lessons Bear/Understand the needs of collaborators.md since it didn't contain #p0
2021-03-18 14:30:30,097 Skipped /Users/martinbernstorff/Life Lessons Git/Life Lessons Bear/Mitigate risks.md since it didn't contain #p0
2021-03-18 14:30:30,117 Skipped /Users/martinbernstorff/Life Lessons Git/Life Lessons Bear/Usikker gang.md since it didn't contain #p0
2021-03-18 14:30:30,118 Skipped /Users/martinbernstorff/Life Lessons Git/Life Lessons Bear/Hæmoptyse.md since it didn't contain #p0
2021-03-18 14:30:30,118 Skipped /Users/martinbernstorff/Life Lessons Git/Life Lessons Bear/St- c.md since it didn't contain #p0
2021-03-18 14:30:30,119 Skipped /Users/martinbernstorff/Life Lessons Git/Life Lessons Bear/Kommunikation.md since it didn't contain #p0
2021-03-18 14:30:30,119 Skipped /Users/martinbernstorff/Life Lessons Git/Life Lessons Bear/Systems should be self-cleaning.md since it didn't contain #p0
2021-03-18 14:30:30,120 Skipped /Users/martinbernstorff/Life Lessons Git/Life Lessons Bear/Why I date.md since it didn't contain #p0
2021-03-18 14:30:30,121 Skipped /Users/martinbernstorff/Life Lessons Git/Life Lessons Bear/PPR.md since it didn't contain #p0
2021-03-18 14:30:30,121 Skipped /Users/martinbernstorff/Life Lessons Git/Life Lessons Bear/Monitoring tasks tend to require structured review.md since it didn't contain #p0
2021-03-18 14:30:30,122 Skipped /Users/martinbernstorff/Life Lessons Git/Life Lessons Bear/Orbit’s ethos.md since it didn't contain #p0
2021-03-18 14:30:30,122 Skipped /Users/martinbernstorff/Life Lessons Git/Life Lessons Bear/ACE-hæmmer.md since it didn't contain #p0
2021-03-18 14:30:30,123 Skipped /Users/martinbernstorff/Life Lessons Git/Life Lessons Bear/Eosinofil bronkitis.md since it didn't contain #p0
2021-03-18 14:30:30,123 Skipped /Users/martinbernstorff/Life Lessons Git/Life Lessons Bear/Pitch- Are NSS associated with Z- or R-diagnoses.md since it didn't contain #p0
2021-03-18 14:30:30,124 Skipped /Users/martinbernstorff/Life Lessons Git/Life Lessons Bear/Triptan.md since it didn't contain #p0
2021-03-18 14:30:30,125 Skipped /Users/martinbernstorff/Life Lessons Git/Life Lessons Bear/Mucosis fungoides.md since it didn't contain #p0
2021-03-18 14:30:30,125 Skipped /Users/martinbernstorff/Life Lessons Git/Life Lessons Bear/Prototyping for results.md since it didn't contain #p0
2021-03-18 14:30:30,126 Skipped /Users/martinbernstorff/Life Lessons Git/Life Lessons Bear/Placenta praevia.md since it didn't contain #p0
2021-03-18 14:30:30,126 Skipped /Users/martinbernstorff/Life Lessons Git/Life Lessons Bear/Pericarditis.md since it didn't contain #p0
2021-03-18 14:30:30,127 Skipped /Users/martinbernstorff/Life Lessons Git/Life Lessons Bear/Psychological detachment.md since it didn't contain #p0
2021-03-18 14:30:30,127 Skipped /Users/martinbernstorff/Life Lessons Git/Life Lessons Bear/Information.md since it didn't contain #p0
2021-03-18 14:30:30,128 Skipped /Users/martinbernstorff/Life Lessons Git/Life Lessons Bear/Cognitive defusion.md since it didn't contain #p0
2021-03-18 14:30:30,128 Skipped /Users/martinbernstorff/Life Lessons Git/Life Lessons Bear/Skulder-artroplastik.md since it didn't contain #p0
2021-03-18 14:30:30,129 Skipped /Users/martinbernstorff/Life Lessons Git/Life Lessons Bear/Effort can be enjoyable.md since it didn't contain #p0
2021-03-18 14:30:30,129 Skipped /Users/martinbernstorff/Life Lessons Git/Life Lessons Bear/Trying to improve predicts well-being.md since it didn't contain #p0
2021-03-18 14:30:30,130 Skipped /Users/martinbernstorff/Life Lessons Git/Life Lessons Bear/Nurture relationships through connection.md since it didn't contain #p0
2021-03-18 14:30:30,130 Skipped /Users/martinbernstorff/Life Lessons Git/Life Lessons Bear/Journalkoncept.md since it didn't contain #p0
2021-03-18 14:30:30,131 Skipped /Users/martinbernstorff/Life Lessons Git/Life Lessons Bear/Psoasabsces.md since it didn't contain #p0
2021-03-18 14:30:30,131 Skipped /Users/martinbernstorff/Life Lessons Git/Life Lessons Bear/-Self-recommendations.md since it didn't contain #p0
2021-03-18 14:30:30,132 Skipped /Users/martinbernstorff/Life Lessons Git/Life Lessons Bear/Worker productivity is often measured by business.md since it didn't contain #p0
2021-03-18 14:30:30,132 Skipped /Users/martinbernstorff/Life Lessons Git/Life Lessons Bear/Nudge, don't enforce.md since it didn't contain #p0
2021-03-18 14:30:30,133 Skipped /Users/martinbernstorff/Life Lessons Git/Life Lessons Bear/Kronisk subduralt hæmatom.md since it didn't contain #p0
2021-03-18 14:30:30,133 Skipped /Users/martinbernstorff/Life Lessons Git/Life Lessons Bear/Action menus should be shaped by intention.md since it didn't contain #p0
2021-03-18 14:30:30,134 Skipped /Users/martinbernstorff/Life Lessons Git/Life Lessons Bear/SLE.md since it didn't contain #p0
2021-03-18 14:30:30,134 Skipped /Users/martinbernstorff/Life Lessons Git/Life Lessons Bear/Let go of disputes.md since it didn't contain #p0
2021-03-18 14:30:30,134 Skipped /Users/martinbernstorff/Life Lessons Git/Life Lessons Bear/Design systems that align emotions with cognitions.md since it didn't contain #p0
2021-03-18 14:30:30,135 Skipped /Users/martinbernstorff/Life Lessons Git/Life Lessons Bear/Ewings sarkom.md since it didn't contain #p0
2021-03-18 14:30:30,135 Skipped /Users/martinbernstorff/Life Lessons Git/Life Lessons Bear/Might games enable long-term ambitions.md since it didn't contain #p0
2021-03-18 14:30:30,136 Skipped /Users/martinbernstorff/Life Lessons Git/Life Lessons Bear/Nyreinsufficiens.md since it didn't contain #p0
2021-03-18 14:30:30,136 Skipped /Users/martinbernstorff/Life Lessons Git/Life Lessons Bear/Measure distractions.md since it didn't contain #p0
2021-03-18 14:30:30,137 Skipped /Users/martinbernstorff/Life Lessons Git/Life Lessons Bear/Raynauds fænomen.md since it didn't contain #p0
2021-03-18 14:30:30,137 Skipped /Users/martinbernstorff/Life Lessons Git/Life Lessons Bear/Makrocytær anæmi.md since it didn't contain #p0
2021-03-18 14:30:30,137 Skipped /Users/martinbernstorff/Life Lessons Git/Life Lessons Bear/Ferritin.md since it didn't contain #p0
2021-03-18 14:30:30,138 Skipped /Users/martinbernstorff/Life Lessons Git/Life Lessons Bear/Behandling af T2D.md since it didn't contain #p0
2021-03-18 14:30:30,138 Skipped /Users/martinbernstorff/Life Lessons Git/Life Lessons Bear/It is normal to experience discomfort.md since it didn't contain #p0
2021-03-18 14:30:30,139 Skipped /Users/martinbernstorff/Life Lessons Git/Life Lessons Bear/How might I align complice or similar with ACT.md since it didn't contain #p0
2021-03-18 14:30:30,140 Skipped /Users/martinbernstorff/Life Lessons Git/Life Lessons Bear/Hyperthyreose.md since it didn't contain #p0
2021-03-18 14:30:30,140 Skipped /Users/martinbernstorff/Life Lessons Git/Life Lessons Bear/Forgetting removes outdated information.md since it didn't contain #p0
2021-03-18 14:30:30,141 Skipped /Users/martinbernstorff/Life Lessons Git/Life Lessons Bear/Tetanus-vaccine.md since it didn't contain #p0
2021-03-18 14:30:30,141 Skipped /Users/martinbernstorff/Life Lessons Git/Life Lessons Bear/Larynxtraume.md since it didn't contain #p0
2021-03-18 14:30:30,142 Skipped /Users/martinbernstorff/Life Lessons Git/Life Lessons Bear/Idempotency - Ankdown.md since it didn't contain #p0
2021-03-18 14:30:30,142 Skipped /Users/martinbernstorff/Life Lessons Git/Life Lessons Bear/Frakturer i hånden.md since it didn't contain #p0
2021-03-18 14:30:30,143 Skipped /Users/martinbernstorff/Life Lessons Git/Life Lessons Bear/How can I make use of intermittent variable reward.md since it didn't contain #p0
2021-03-18 14:30:30,143 Skipped /Users/martinbernstorff/Life Lessons Git/Life Lessons Bear/Patellofemoralt smertesyndrom.md since it didn't contain #p0
2021-03-18 14:30:30,143 Skipped /Users/martinbernstorff/Life Lessons Git/Life Lessons Bear/Lungesygdom.md since it didn't contain #p0
2021-03-18 14:30:30,144 Skipped /Users/martinbernstorff/Life Lessons Git/Life Lessons Bear/3-årsundersøgelsen.md since it didn't contain #p0
2021-03-18 14:30:30,144 Skipped /Users/martinbernstorff/Life Lessons Git/Life Lessons Bear/Karpaltunnelsyndrom.md since it didn't contain #p0
2021-03-18 14:30:30,145 Skipped /Users/martinbernstorff/Life Lessons Git/Life Lessons Bear/Irit.md since it didn't contain #p0
2021-03-18 14:30:30,145 Skipped /Users/martinbernstorff/Life Lessons Git/Life Lessons Bear/PhD hos Søren Dinesen.md since it didn't contain #p0
2021-03-18 14:30:30,145 Skipped /Users/martinbernstorff/Life Lessons Git/Life Lessons Bear/Goals prompt strategy improvement.md since it didn't contain #p0
2021-03-18 14:30:30,146 Skipped /Users/martinbernstorff/Life Lessons Git/Life Lessons Bear/LUTS.md since it didn't contain #p0
2021-03-18 14:30:30,146 Skipped /Users/martinbernstorff/Life Lessons Git/Life Lessons Bear/Insulin.md since it didn't contain #p0
2021-03-18 14:30:30,146 Skipped /Users/martinbernstorff/Life Lessons Git/Life Lessons Bear/On providing feedback.md since it didn't contain #p0
2021-03-18 14:30:30,147 Skipped /Users/martinbernstorff/Life Lessons Git/Life Lessons Bear/Get specific feedback.md since it didn't contain #p0
2021-03-18 14:30:30,147 Skipped /Users/martinbernstorff/Life Lessons Git/Life Lessons Bear/Case 1 død.md since it didn't contain #p0
2021-03-18 14:30:30,148 Skipped /Users/martinbernstorff/Life Lessons Git/Life Lessons Bear/Get a mentor to improve rapidly.md since it didn't contain #p0
2021-03-18 14:30:30,148 Skipped /Users/martinbernstorff/Life Lessons Git/Life Lessons Bear/Functional somatic syndromes have high co-occurence.md since it didn't contain #p0
2021-03-18 14:30:30,148 Skipped /Users/martinbernstorff/Life Lessons Git/Life Lessons Bear/Goals can increase creativity.md since it didn't contain #p0
2021-03-18 14:30:30,149 Skipped /Users/martinbernstorff/Life Lessons Git/Life Lessons Bear/Share values with your partner.md since it didn't contain #p0
2021-03-18 14:30:30,149 Skipped /Users/martinbernstorff/Life Lessons Git/Life Lessons Bear/Never forget calendar events.md since it didn't contain #p0
2021-03-18 14:30:30,149 Skipped /Users/martinbernstorff/Life Lessons Git/Life Lessons Bear/Hill climbing.md since it didn't contain #p0
2021-03-18 14:30:30,150 Skipped /Users/martinbernstorff/Life Lessons Git/Life Lessons Bear/B12.md since it didn't contain #p0
2021-03-18 14:30:30,150 Skipped /Users/martinbernstorff/Life Lessons Git/Life Lessons Bear/Add capacity.md since it didn't contain #p0
2021-03-18 14:30:30,151 Skipped /Users/martinbernstorff/Life Lessons Git/Life Lessons Bear/Parenthood takes time.md since it didn't contain #p0
2021-03-18 14:30:30,151 Skipped /Users/martinbernstorff/Life Lessons Git/Life Lessons Bear/Keep trunks and twigs rotating independently.md since it didn't contain #p0
2021-03-18 14:30:30,151 Skipped /Users/martinbernstorff/Life Lessons Git/Life Lessons Bear/Kaposis sarkom.md since it didn't contain #p0
2021-03-18 14:30:30,152 Skipped /Users/martinbernstorff/Life Lessons Git/Life Lessons Bear/How do I get co-authorships.md since it didn't contain #p0
2021-03-18 14:30:30,152 Skipped /Users/martinbernstorff/Life Lessons Git/Life Lessons Bear/Reiters syndrom.md since it didn't contain #p0
2021-03-18 14:30:30,153 Skipped /Users/martinbernstorff/Life Lessons Git/Life Lessons Bear/Collum femoris fraktur.md since it didn't contain #p0
2021-03-18 14:30:30,153 Skipped /Users/martinbernstorff/Life Lessons Git/Life Lessons Bear/Sort orders.md since it didn't contain #p0
2021-03-18 14:30:30,153 Skipped /Users/martinbernstorff/Life Lessons Git/Life Lessons Bear/Sekundær profylakse.md since it didn't contain #p0
2021-03-18 14:30:30,154 Skipped /Users/martinbernstorff/Life Lessons Git/Life Lessons Bear/Games can give intense fun.md since it didn't contain #p0
2021-03-18 14:30:30,154 Skipped /Users/martinbernstorff/Life Lessons Git/Life Lessons Bear/Sekundær syfilis.md since it didn't contain #p0
2021-03-18 14:30:30,154 Skipped /Users/martinbernstorff/Life Lessons Git/Life Lessons Bear/What are my 3 core values.md since it didn't contain #p0
2021-03-18 14:30:30,155 Skipped /Users/martinbernstorff/Life Lessons Git/Life Lessons Bear/How do I avoid the inbox at work.md since it didn't contain #p0
2021-03-18 14:30:30,155 Skipped /Users/martinbernstorff/Life Lessons Git/Life Lessons Bear/Travelling salesperson problem.md since it didn't contain #p0
2021-03-18 14:30:30,155 Skipped /Users/martinbernstorff/Life Lessons Git/Life Lessons Bear/Lændesmerter.md since it didn't contain #p0
2021-03-18 14:30:30,156 Skipped /Users/martinbernstorff/Life Lessons Git/Life Lessons Bear/Hypopigmentering.md since it didn't contain #p0
2021-03-18 14:30:30,156 Skipped /Users/martinbernstorff/Life Lessons Git/Life Lessons Bear/Ensure you meet deadlines.md since it didn't contain #p0
2021-03-18 14:30:30,156 Skipped /Users/martinbernstorff/Life Lessons Git/Life Lessons Bear/Kreatininkinase.md since it didn't contain #p0
2021-03-18 14:30:30,157 Skipped /Users/martinbernstorff/Life Lessons Git/Life Lessons Bear/Size of set is inversely proportional to lookup speed.md since it didn't contain #p0
2021-03-18 14:30:30,157 Skipped /Users/martinbernstorff/Life Lessons Git/Life Lessons Bear/CRPS.md since it didn't contain #p0
2021-03-18 14:30:30,157 Skipped /Users/martinbernstorff/Life Lessons Git/Life Lessons Bear/Definition of scientific productivity.md since it didn't contain #p0
2021-03-18 14:30:30,158 Skipped /Users/martinbernstorff/Life Lessons Git/Life Lessons Bear/Set measurable goals.md since it didn't contain #p0
2021-03-18 14:30:30,158 Skipped /Users/martinbernstorff/Life Lessons Git/Life Lessons Bear/Acrodermatitis chronica atrophicans.md since it didn't contain #p0
2021-03-18 14:30:30,158 Skipped /Users/martinbernstorff/Life Lessons Git/Life Lessons Bear/A proper diagnosis is incrementally valid.md since it didn't contain #p0
2021-03-18 14:30:30,159 Skipped /Users/martinbernstorff/Life Lessons Git/Life Lessons Bear/Life cycle.md since it didn't contain #p0
2021-03-18 14:30:30,159 Skipped /Users/martinbernstorff/Life Lessons Git/Life Lessons Bear/Ønskebrønden.md since it didn't contain #p0
2021-03-18 14:30:30,161 Skipped /Users/martinbernstorff/Life Lessons Git/Life Lessons Bear/Højre-akse deviation.md since it didn't contain #p0
2021-03-18 14:30:30,162 Skipped /Users/martinbernstorff/Life Lessons Git/Life Lessons Bear/Balance daily bandwidth.md since it didn't contain #p0
2021-03-18 14:30:30,163 Skipped /Users/martinbernstorff/Life Lessons Git/Life Lessons Bear/Infraspinatus.md since it didn't contain #p0
2021-03-18 14:30:30,163 Skipped /Users/martinbernstorff/Life Lessons Git/Life Lessons Bear/Add support for activity category.md since it didn't contain #p0
2021-03-18 14:30:30,163 Skipped /Users/martinbernstorff/Life Lessons Git/Life Lessons Bear/FÅ3.md since it didn't contain #p0
2021-03-18 14:30:30,165 Skipped /Users/martinbernstorff/Life Lessons Git/Life Lessons Bear/Kronisk hoste.md since it didn't contain #p0
2021-03-18 14:30:30,165 Skipped /Users/martinbernstorff/Life Lessons Git/Life Lessons Bear/E2021- Pensum.md since it didn't contain #p0
2021-03-18 14:30:30,165 Skipped /Users/martinbernstorff/Life Lessons Git/Life Lessons Bear/Fødselsdepression.md since it didn't contain #p0
2021-03-18 14:30:30,166 Skipped /Users/martinbernstorff/Life Lessons Git/Life Lessons Bear/Moving averages.md since it didn't contain #p0
2021-03-18 14:30:30,166 Skipped /Users/martinbernstorff/Life Lessons Git/Life Lessons Bear/Kulde-urticaria.md since it didn't contain #p0
2021-03-18 14:30:30,167 Skipped /Users/martinbernstorff/Life Lessons Git/Life Lessons Bear/What separates lack of passion-enjoyment from laziness.md since it didn't contain #p0
2021-03-18 14:30:30,167 Skipped /Users/martinbernstorff/Life Lessons Git/Life Lessons Bear/§Attention.md since it didn't contain #p0
2021-03-18 14:30:30,167 Skipped /Users/martinbernstorff/Life Lessons Git/Life Lessons Bear/What does my ideal relationship look like.md since it didn't contain #p0
2021-03-18 14:30:30,168 Skipped /Users/martinbernstorff/Life Lessons Git/Life Lessons Bear/Defuse from your thoughts when they become unhelpful.md since it didn't contain #p0
2021-03-18 14:30:30,168 Skipped /Users/martinbernstorff/Life Lessons Git/Life Lessons Bear/MIP comes with DALY improvement.md since it didn't contain #p0
2021-03-18 14:30:30,168 Skipped /Users/martinbernstorff/Life Lessons Git/Life Lessons Bear/Akut hoste.md since it didn't contain #p0
2021-03-18 14:30:30,169 Skipped /Users/martinbernstorff/Life Lessons Git/Life Lessons Bear/Anterior skulderinstabilitet.md since it didn't contain #p0
2021-03-18 14:30:30,169 Skipped /Users/martinbernstorff/Life Lessons Git/Life Lessons Bear/Astma i børn.md since it didn't contain #p0
2021-03-18 14:30:30,169 Skipped /Users/martinbernstorff/Life Lessons Git/Life Lessons Bear/ADHD.md since it didn't contain #p0
2021-03-18 14:30:30,170 Skipped /Users/martinbernstorff/Life Lessons Git/Life Lessons Bear/A lack of effort signals a lack of growth.md since it didn't contain #p0
2021-03-18 14:30:30,170 Skipped /Users/martinbernstorff/Life Lessons Git/Life Lessons Bear/How do I implement balance between Refind and Books.md since it didn't contain #p0
2021-03-18 14:30:30,170 Skipped /Users/martinbernstorff/Life Lessons Git/Life Lessons Bear/Merge curiosity and effectivness.md since it didn't contain #p0
2021-03-18 14:30:30,171 Skipped /Users/martinbernstorff/Life Lessons Git/Life Lessons Bear/Bakers cyste.md since it didn't contain #p0
2021-03-18 14:30:30,171 Skipped /Users/martinbernstorff/Life Lessons Git/Life Lessons Bear/Insulintyper.md since it didn't contain #p0
2021-03-18 14:30:30,171 Skipped /Users/martinbernstorff/Life Lessons Git/Life Lessons Bear/Only use control strategies in situations where they can work.md since it didn't contain #p0
2021-03-18 14:30:30,172 Skipped /Users/martinbernstorff/Life Lessons Git/Life Lessons Bear/Meeting with Bodil, 30-10.md since it didn't contain #p0
2021-03-18 14:30:30,172 Skipped /Users/martinbernstorff/Life Lessons Git/Life Lessons Bear/Difficulty can be both good and bad.md since it didn't contain #p0
2021-03-18 14:30:30,172 Skipped /Users/martinbernstorff/Life Lessons Git/Life Lessons Bear/Javascript introduction.md since it didn't contain #p0
2021-03-18 14:30:30,173 Skipped /Users/martinbernstorff/Life Lessons Git/Life Lessons Bear/Send out email.md since it didn't contain #p0
2021-03-18 14:30:30,173 Skipped /Users/martinbernstorff/Life Lessons Git/Life Lessons Bear/Platfod.md since it didn't contain #p0
2021-03-18 14:30:30,173 Skipped /Users/martinbernstorff/Life Lessons Git/Life Lessons Bear/Primær amenorré.md since it didn't contain #p0
2021-03-18 14:30:30,174 Skipped /Users/martinbernstorff/Life Lessons Git/Life Lessons Bear/We enjoy things that don't match our identity.md since it didn't contain #p0
2021-03-18 14:30:30,174 Skipped /Users/martinbernstorff/Life Lessons Git/Life Lessons Bear/Rereading is moderate utility.md since it didn't contain #p0
2021-03-18 14:30:30,174 Skipped /Users/martinbernstorff/Life Lessons Git/Life Lessons Bear/Add podcast support to email er.md since it didn't contain #p0
2021-03-18 14:30:30,175 Skipped /Users/martinbernstorff/Life Lessons Git/Life Lessons Bear/We're expected to control our inner world.md since it didn't contain #p0
2021-03-18 14:30:30,175 Skipped /Users/martinbernstorff/Life Lessons Git/Life Lessons Bear/§The Personal mnemonic medium (general concept).md since it didn't contain #p0
2021-03-18 14:30:30,176 Skipped /Users/martinbernstorff/Life Lessons Git/Life Lessons Bear/Central cyanose.md since it didn't contain #p0
2021-03-18 14:30:30,176 Skipped /Users/martinbernstorff/Life Lessons Git/Life Lessons Bear/Primær hypothyreose.md since it didn't contain #p0
2021-03-18 14:30:30,176 Skipped /Users/martinbernstorff/Life Lessons Git/Life Lessons Bear/Perihepatit.md since it didn't contain #p0
2021-03-18 14:30:30,177 Skipped /Users/martinbernstorff/Life Lessons Git/Life Lessons Bear/Email for looking for career advice for epidemiology.md since it didn't contain #p0
2021-03-18 14:30:30,177 Skipped /Users/martinbernstorff/Life Lessons Git/Life Lessons Bear/Perhaps my ambivalence around goals is due to them having been co-opted into shoulds - you should be diligent (not diligence is helpful), you should perform well (get the high score-).md since it didn't contain #p0
2021-03-18 14:30:30,177 Skipped /Users/martinbernstorff/Life Lessons Git/Life Lessons Bear/Planocellulært karcinom.md since it didn't contain #p0
2021-03-18 14:30:30,178 Skipped /Users/martinbernstorff/Life Lessons Git/Life Lessons Bear/Diagnostic process.md since it didn't contain #p0
2021-03-18 14:30:30,178 Skipped /Users/martinbernstorff/Life Lessons Git/Life Lessons Bear/Wood’s lys.md since it didn't contain #p0
2021-03-18 14:30:30,178 Skipped /Users/martinbernstorff/Life Lessons Git/Life Lessons Bear/How do doctors interpret NSS.md since it didn't contain #p0
2021-03-18 14:30:30,179 Skipped /Users/martinbernstorff/Life Lessons Git/Life Lessons Bear/Outlines aren’t taken seriously.md since it didn't contain #p0
2021-03-18 14:30:30,179 Skipped /Users/martinbernstorff/Life Lessons Git/Life Lessons Bear/Lack of psychological detachment may be a marker of stress, rather than a causal mechanism.md since it didn't contain #p0
2021-03-18 14:30:30,179 Skipped /Users/martinbernstorff/Life Lessons Git/Life Lessons Bear/What in life gets you -really- excited.md since it didn't contain #p0
2021-03-18 14:30:30,180 Skipped /Users/martinbernstorff/Life Lessons Git/Life Lessons Bear/Vertebralt sammenfald.md since it didn't contain #p0
2021-03-18 14:30:30,180 Skipped /Users/martinbernstorff/Life Lessons Git/Life Lessons Bear/Clearer process misses the point; what matters is better outcomes.md since it didn't contain #p0
2021-03-18 14:30:30,180 Skipped /Users/martinbernstorff/Life Lessons Git/Life Lessons Bear/What are the advantages of ML.md since it didn't contain #p0
2021-03-18 14:30:30,181 Skipped /Users/martinbernstorff/Life Lessons Git/Life Lessons Bear/What is my stance on duty.md since it didn't contain #p0
2021-03-18 14:30:30,181 Skipped /Users/martinbernstorff/Life Lessons Git/Life Lessons Bear/Hypermobilitet.md since it didn't contain #p0
2021-03-18 14:30:30,181 Skipped /Users/martinbernstorff/Life Lessons Git/Life Lessons Bear/Motivational intensity is determined by domain-specific self-efficacy.md since it didn't contain #p0
2021-03-18 14:30:30,182 Skipped /Users/martinbernstorff/Life Lessons Git/Life Lessons Bear/Live by values, not by rules.md since it didn't contain #p0
2021-03-18 14:30:30,182 Skipped /Users/martinbernstorff/Life Lessons Git/Life Lessons Bear/Kawasakis sygdom.md since it didn't contain #p0
2021-03-18 14:30:30,183 Skipped /Users/martinbernstorff/Life Lessons Git/Life Lessons Bear/Hypotension.md since it didn't contain #p0
2021-03-18 14:30:30,183 Skipped /Users/martinbernstorff/Life Lessons Git/Life Lessons Bear/Beins 1993.md since it didn't contain #p0
2021-03-18 14:30:30,183 Skipped /Users/martinbernstorff/Life Lessons Git/Life Lessons Bear/Nudge towards awareness of time for daily decisions.md since it didn't contain #p0
2021-03-18 14:30:30,184 Skipped /Users/martinbernstorff/Life Lessons Git/Life Lessons Bear/SMART goals.md since it didn't contain #p0
2021-03-18 14:30:30,184 Skipped /Users/martinbernstorff/Life Lessons Git/Life Lessons Bear/Hazel.md since it didn't contain #p0
2021-03-18 14:30:30,185 Skipped /Users/martinbernstorff/Life Lessons Git/Life Lessons Bear/Select the right problems.md since it didn't contain #p0
2021-03-18 14:30:30,185 Skipped /Users/martinbernstorff/Life Lessons Git/Life Lessons Bear/Present-focused.md since it didn't contain #p0
2021-03-18 14:30:30,185 Skipped /Users/martinbernstorff/Life Lessons Git/Life Lessons Bear/Ordinariness is not an excuse for mediocrity.md since it didn't contain #p0
2021-03-18 14:30:30,186 Skipped /Users/martinbernstorff/Life Lessons Git/Life Lessons Bear/Morfin.md since it didn't contain #p0
2021-03-18 14:30:30,186 Skipped /Users/martinbernstorff/Life Lessons Git/Life Lessons Bear/Sternoklavikulær artrose.md since it didn't contain #p0
2021-03-18 14:30:30,186 Skipped /Users/martinbernstorff/Life Lessons Git/Life Lessons Bear/We have limited control over what we think.md since it didn't contain #p0
2021-03-18 14:30:30,187 Skipped /Users/martinbernstorff/Life Lessons Git/Life Lessons Bear/30-dages genindlæggelse.md since it didn't contain #p0
2021-03-18 14:30:30,187 Skipped /Users/martinbernstorff/Life Lessons Git/Life Lessons Bear/A taster of open questions in email.md since it didn't contain #p0
2021-03-18 14:30:30,187 Skipped /Users/martinbernstorff/Life Lessons Git/Life Lessons Bear/Allergisk vaskulitis.md since it didn't contain #p0
2021-03-18 14:30:30,188 Skipped /Users/martinbernstorff/Life Lessons Git/Life Lessons Bear/May I prefer solitude because my immediate social environment doesn't suit me.md since it didn't contain #p0
2021-03-18 14:30:30,188 Skipped /Users/martinbernstorff/Life Lessons Git/Life Lessons Bear/Tools for feedback - to implement using systems thinking.md since it didn't contain #p0
2021-03-18 14:30:30,189 Skipped /Users/martinbernstorff/Life Lessons Git/Life Lessons Bear/Ask specific questions before starting research.md since it didn't contain #p0
2021-03-18 14:30:30,189 Skipped /Users/martinbernstorff/Life Lessons Git/Life Lessons Bear/Legionella pneumophila.md since it didn't contain #p0
2021-03-18 14:30:30,189 Skipped /Users/martinbernstorff/Life Lessons Git/Life Lessons Bear/If you achieved your goal.md since it didn't contain #p0
2021-03-18 14:30:30,190 Skipped /Users/martinbernstorff/Life Lessons Git/Life Lessons Bear/Parenthood takes energy.md since it didn't contain #p0
2021-03-18 14:30:30,190 Skipped /Users/martinbernstorff/Life Lessons Git/Life Lessons Bear/Impingement syndrom.md since it didn't contain #p0
2021-03-18 14:30:30,190 Skipped /Users/martinbernstorff/Life Lessons Git/Life Lessons Bear/Seksuel dysfunktion hos manden.md since it didn't contain #p0
2021-03-18 14:30:30,191 Skipped /Users/martinbernstorff/Life Lessons Git/Life Lessons Bear/Rtg.md since it didn't contain #p0
2021-03-18 14:30:30,191 Skipped /Users/martinbernstorff/Life Lessons Git/Life Lessons Bear/Detect errors at the lowest value stage possible.md since it didn't contain #p0
2021-03-18 14:30:30,191 Skipped /Users/martinbernstorff/Life Lessons Git/Life Lessons Bear/§On Commitment.md since it didn't contain #p0
2021-03-18 14:30:30,192 Skipped /Users/martinbernstorff/Life Lessons Git/Life Lessons Bear/One-Class classification.md since it didn't contain #p0
2021-03-18 14:30:30,192 Skipped /Users/martinbernstorff/Life Lessons Git/Life Lessons Bear/Short feedback loops decrease flexibility.md since it didn't contain #p0
2021-03-18 14:30:30,192 Skipped /Users/martinbernstorff/Life Lessons Git/Life Lessons Bear/Gonorre.md since it didn't contain #p0
2021-03-18 14:30:30,193 Skipped /Users/martinbernstorff/Life Lessons Git/Life Lessons Bear/Luksationer.md since it didn't contain #p0
2021-03-18 14:30:30,193 Skipped /Users/martinbernstorff/Life Lessons Git/Life Lessons Bear/Kvadel.md since it didn't contain #p0
2021-03-18 14:30:30,193 Skipped /Users/martinbernstorff/Life Lessons Git/Life Lessons Bear/What does honour mean to me.md since it didn't contain #p0
2021-03-18 14:30:30,194 Skipped /Users/martinbernstorff/Life Lessons Git/Life Lessons Bear/Work well on problems.md since it didn't contain #p0
2021-03-18 14:30:30,194 Skipped /Users/martinbernstorff/Life Lessons Git/Life Lessons Bear/Bradykardi.md since it didn't contain #p0
2021-03-18 14:30:30,194 Skipped /Users/martinbernstorff/Life Lessons Git/Life Lessons Bear/Spaced repetition can be used for much more than memorising.md since it didn't contain #p0
2021-03-18 14:30:30,195 Skipped /Users/martinbernstorff/Life Lessons Git/Life Lessons Bear/Keyword mnemonics are of low utility.md since it didn't contain #p0
2021-03-18 14:30:30,195 Skipped /Users/martinbernstorff/Life Lessons Git/Life Lessons Bear/What I value in family.md since it didn't contain #p0
2021-03-18 14:30:30,195 Skipped /Users/martinbernstorff/Life Lessons Git/Life Lessons Bear/Balance weekly bandwidth.md since it didn't contain #p0
2021-03-18 14:30:30,196 Skipped /Users/martinbernstorff/Life Lessons Git/Life Lessons Bear/Case 1- Medicin, nødvendighed.md since it didn't contain #p0
2021-03-18 14:30:30,196 Skipped /Users/martinbernstorff/Life Lessons Git/Life Lessons Bear/Building in public for medicine.md since it didn't contain #p0
2021-03-18 14:30:30,197 Skipped /Users/martinbernstorff/Life Lessons Git/Life Lessons Bear/Erythema infectiosum.md since it didn't contain #p0
2021-03-18 14:30:30,197 Skipped /Users/martinbernstorff/Life Lessons Git/Life Lessons Bear/Blodfortyndende medicin.md since it didn't contain #p0
2021-03-18 14:30:30,197 Skipped /Users/martinbernstorff/Life Lessons Git/Life Lessons Bear/When do positive cognitions not lead to positive behaviour.md since it didn't contain #p0
2021-03-18 14:30:30,198 Skipped /Users/martinbernstorff/Life Lessons Git/Life Lessons Bear/Does it make sense to have work and leisure clothing.md since it didn't contain #p0
2021-03-18 14:30:30,198 Skipped /Users/martinbernstorff/Life Lessons Git/Life Lessons Bear/Balanitis.md since it didn't contain #p0
2021-03-18 14:30:30,198 Skipped /Users/martinbernstorff/Life Lessons Git/Life Lessons Bear/When is batched feedback beneficial.md since it didn't contain #p0
2021-03-18 14:30:30,199 Skipped /Users/martinbernstorff/Life Lessons Git/Life Lessons Bear/Acqueiesence.md since it didn't contain #p0
2021-03-18 14:30:30,199 Skipped /Users/martinbernstorff/Life Lessons Git/Life Lessons Bear/Anterior skuffetest i knæ.md since it didn't contain #p0
2021-03-18 14:30:30,199 Skipped /Users/martinbernstorff/Life Lessons Git/Life Lessons Bear/Graviditetsundersøgelser.md since it didn't contain #p0
2021-03-18 14:30:30,200 Skipped /Users/martinbernstorff/Life Lessons Git/Life Lessons Bear/Unsure- Books may contain knowledge with a longer shelf-life.md since it didn't contain #p0
2021-03-18 14:30:30,200 Skipped /Users/martinbernstorff/Life Lessons Git/Life Lessons Bear/Consistency determines confidence in intuition.md since it didn't contain #p0
2021-03-18 14:30:30,200 Skipped /Users/martinbernstorff/Life Lessons Git/Life Lessons Bear/Does the spacing effect lead to learning.md since it didn't contain #p0
2021-03-18 14:30:30,201 Skipped /Users/martinbernstorff/Life Lessons Git/Life Lessons Bear/Risiko for vold mod personalet.md since it didn't contain #p0
2021-03-18 14:30:30,201 Skipped /Users/martinbernstorff/Life Lessons Git/Life Lessons Bear/Jernmangelanæmi.md since it didn't contain #p0
2021-03-18 14:30:30,201 Skipped /Users/martinbernstorff/Life Lessons Git/Life Lessons Bear/Arthritis urica.md since it didn't contain #p0
2021-03-18 14:30:30,201 Skipped /Users/martinbernstorff/Life Lessons Git/Life Lessons Bear/Mirabegron.md since it didn't contain #p0
2021-03-18 14:30:30,202 Skipped /Users/martinbernstorff/Life Lessons Git/Life Lessons Bear/Personalised medicine.md since it didn't contain #p0
2021-03-18 14:30:30,202 Skipped /Users/martinbernstorff/Life Lessons Git/Life Lessons Bear/Increase attention effectiveness.md since it didn't contain #p0
2021-03-18 14:30:30,203 Skipped /Users/martinbernstorff/Life Lessons Git/Life Lessons Bear/09-02-2021.md since it didn't contain #p0
2021-03-18 14:30:30,203 Skipped /Users/martinbernstorff/Life Lessons Git/Life Lessons Bear/T-score.md since it didn't contain #p0
2021-03-18 14:30:30,203 Skipped /Users/martinbernstorff/Life Lessons Git/Life Lessons Bear/Lateral epicondylitis.md since it didn't contain #p0
2021-03-18 14:30:30,204 Skipped /Users/martinbernstorff/Life Lessons Git/Life Lessons Bear/Emotions shape behaviour.md since it didn't contain #p0
2021-03-18 14:30:30,204 Skipped /Users/martinbernstorff/Life Lessons Git/Life Lessons Bear/Does the spacing effect work for complex tasks.md since it didn't contain #p0
2021-03-18 14:30:30,204 Skipped /Users/martinbernstorff/Life Lessons Git/Life Lessons Bear/Who inspires you most, and why do you find them inspiring.md since it didn't contain #p0
2021-03-18 14:30:30,205 Skipped /Users/martinbernstorff/Life Lessons Git/Life Lessons Bear/Journal club 27-10 – Cluster analysis.md since it didn't contain #p0
2021-03-18 14:30:30,206 Skipped /Users/martinbernstorff/Life Lessons Git/Life Lessons Bear/Value of Information (VoI).md since it didn't contain #p0
2021-03-18 14:30:30,207 Skipped /Users/martinbernstorff/Life Lessons Git/Life Lessons Bear/Subduralt hæmatom.md since it didn't contain #p0
2021-03-18 14:30:30,209 Skipped /Users/martinbernstorff/Life Lessons Git/Life Lessons Bear/Verruca vulgaris.md since it didn't contain #p0
2021-03-18 14:30:30,209 Skipped /Users/martinbernstorff/Life Lessons Git/Life Lessons Bear/Plan your day.md since it didn't contain #p0
2021-03-18 14:30:30,210 Skipped /Users/martinbernstorff/Life Lessons Git/Life Lessons Bear/Bursitis olecranii.md since it didn't contain #p0
2021-03-18 14:30:30,210 Skipped /Users/martinbernstorff/Life Lessons Git/Life Lessons Bear/1- trimesters graviditetsus.md since it didn't contain #p0
2021-03-18 14:30:30,210 Skipped /Users/martinbernstorff/Life Lessons Git/Life Lessons Bear/Feedback guides focus.md since it didn't contain #p0
2021-03-18 14:30:30,211 Skipped /Users/martinbernstorff/Life Lessons Git/Life Lessons Bear/§Testes.md since it didn't contain #p0
2021-03-18 14:30:30,211 Skipped /Users/martinbernstorff/Life Lessons Git/Life Lessons Bear/Psoriasis.md since it didn't contain #p0
2021-03-18 14:30:30,211 Skipped /Users/martinbernstorff/Life Lessons Git/Life Lessons Bear/How does long mono-tasking affect your thriving.md since it didn't contain #p0
2021-03-18 14:30:30,212 Skipped /Users/martinbernstorff/Life Lessons Git/Life Lessons Bear/On goal setting.md since it didn't contain #p0
2021-03-18 14:30:30,212 Skipped /Users/martinbernstorff/Life Lessons Git/Life Lessons Bear/Choosing is everything.md since it didn't contain #p0
2021-03-18 14:30:30,213 Skipped /Users/martinbernstorff/Life Lessons Git/Life Lessons Bear/Which things might I like too much.md since it didn't contain #p0
2021-03-18 14:30:30,213 Skipped /Users/martinbernstorff/Life Lessons Git/Life Lessons Bear/International collaboration determines scientific employment.md since it didn't contain #p0
2021-03-18 14:30:30,213 Skipped /Users/martinbernstorff/Life Lessons Git/Life Lessons Bear/Control of Thoughts and Feelings Questionnaire.md since it didn't contain #p0
2021-03-18 14:30:30,214 Skipped /Users/martinbernstorff/Life Lessons Git/Life Lessons Bear/Balancing WIP increases joy.md since it didn't contain #p0
2021-03-18 14:30:30,214 Skipped /Users/martinbernstorff/Life Lessons Git/Life Lessons Bear/Dermatofibrom.md since it didn't contain #p0
2021-03-18 14:30:30,214 Skipped /Users/martinbernstorff/Life Lessons Git/Life Lessons Bear/Meadows 1999.md since it didn't contain #p0
2021-03-18 14:30:30,215 Skipped /Users/martinbernstorff/Life Lessons Git/Life Lessons Bear/Hyperprolaktinæmi.md since it didn't contain #p0
2021-03-18 14:30:30,215 Skipped /Users/martinbernstorff/Life Lessons Git/Life Lessons Bear/Relationships determine scientific productivity.md since it didn't contain #p0
2021-03-18 14:30:30,215 Skipped /Users/martinbernstorff/Life Lessons Git/Life Lessons Bear/Delir.md since it didn't contain #p0
2021-03-18 14:30:30,216 Skipped /Users/martinbernstorff/Life Lessons Git/Life Lessons Bear/Active learning.md since it didn't contain #p0
2021-03-18 14:30:30,216 Skipped /Users/martinbernstorff/Life Lessons Git/Life Lessons Bear/Det røde øje.md since it didn't contain #p0
2021-03-18 14:30:30,216 Skipped /Users/martinbernstorff/Life Lessons Git/Life Lessons Bear/Traumatisk anorchia.md since it didn't contain #p0
2021-03-18 14:30:30,217 Skipped /Users/martinbernstorff/Life Lessons Git/Life Lessons Bear/Ifokube.md since it didn't contain #p0
2021-03-18 14:30:30,217 Skipped /Users/martinbernstorff/Life Lessons Git/Life Lessons Bear/Design systems that support expectancy.md since it didn't contain #p0
2021-03-18 14:30:30,217 Skipped /Users/martinbernstorff/Life Lessons Git/Life Lessons Bear/Beeminder is like a dampener on maintenance.md since it didn't contain #p0
2021-03-18 14:30:30,218 Skipped /Users/martinbernstorff/Life Lessons Git/Life Lessons Bear/Anoreksi.md since it didn't contain #p0
2021-03-18 14:30:30,218 Skipped /Users/martinbernstorff/Life Lessons Git/Life Lessons Bear/Are functional disorders proper diagnoses.md since it didn't contain #p0
2021-03-18 14:30:30,219 Skipped /Users/martinbernstorff/Life Lessons Git/Life Lessons Bear/MIP helps make the world a better place.md since it didn't contain #p0
2021-03-18 14:30:30,219 Skipped /Users/martinbernstorff/Life Lessons Git/Life Lessons Bear/Discusprolaps.md since it didn't contain #p0
2021-03-18 14:30:30,219 Skipped /Users/martinbernstorff/Life Lessons Git/Life Lessons Bear/Inactivity can lead to depressive boredom.md since it didn't contain #p0
2021-03-18 14:30:30,220 Skipped /Users/martinbernstorff/Life Lessons Git/Life Lessons Bear/Humans don't naturally act in accordance with their values.md since it didn't contain #p0
2021-03-18 14:30:30,220 Skipped /Users/martinbernstorff/Life Lessons Git/Life Lessons Bear/Aktuelle.md since it didn't contain #p0
2021-03-18 14:30:30,220 Skipped /Users/martinbernstorff/Life Lessons Git/Life Lessons Bear/Wilkinson 2020 – Reality check machine learning-powered precision medicine.md since it didn't contain #p0
2021-03-18 14:30:30,221 Skipped /Users/martinbernstorff/Life Lessons Git/Life Lessons Bear/5-ugersundersøgelsen.md since it didn't contain #p0
2021-03-18 14:30:30,221 Skipped /Users/martinbernstorff/Life Lessons Git/Life Lessons Bear/Piriformissyndrom.md since it didn't contain #p0
2021-03-18 14:30:30,221 Skipped /Users/martinbernstorff/Life Lessons Git/Life Lessons Bear/To which extent do notes in the academic process differ between real impact and number of citations.md since it didn't contain #p0
2021-03-18 14:30:30,222 Skipped /Users/martinbernstorff/Life Lessons Git/Life Lessons Bear/Caring builds Community.md since it didn't contain #p0
2021-03-18 14:30:30,222 /Users/martinbernstorff/Life Lessons Git/Life Lessons Bear/Adding potential new activities to life well spent - randomly generate value if no try yet.md contains #p0
2021-03-18 14:30:30,222 Checking /Users/martinbernstorff/Life Lessons Git/Life Lessons Bear/Adding potential new activities to life well spent - randomly generate value if no try yet.md for excluded_tag #work
2021-03-18 14:30:30,222 Didn't skip /Users/martinbernstorff/Life Lessons Git/Life Lessons Bear/Adding potential new activities to life well spent - randomly generate value if no try yet.md since it didn't match #work
2021-03-18 14:30:39,412 Skipped /Users/martinbernstorff/Life Lessons Git/Life Lessons Bear/Sulcustesten.md since it didn't contain #p0
2021-03-18 14:30:39,414 Skipped /Users/martinbernstorff/Life Lessons Git/Life Lessons Bear/Bjork 1994.md since it didn't contain #p0
2021-03-18 14:30:39,445 Skipped /Users/martinbernstorff/Life Lessons Git/Life Lessons Bear/§Artrose.md since it didn't contain #p0
2021-03-18 14:30:39,446 /Users/martinbernstorff/Life Lessons Git/Life Lessons Bear/How do we balance goals and values.md contains #p0
2021-03-18 14:30:39,446 Checking /Users/martinbernstorff/Life Lessons Git/Life Lessons Bear/How do we balance goals and values.md for excluded_tag #work
2021-03-18 14:30:39,446 Didn't skip /Users/martinbernstorff/Life Lessons Git/Life Lessons Bear/How do we balance goals and values.md since it didn't match #work
2021-03-18 14:31:54,216 Next, opened = 1
2021-03-18 14:31:54,217 Skipped /Users/martinbernstorff/Life Lessons Git/Life Lessons Bear/Informational process goals are motivating.md since it didn't contain #p0
2021-03-18 14:31:54,218 Skipped /Users/martinbernstorff/Life Lessons Git/Life Lessons Bear/Kavernøse hæmangiomer.md since it didn't contain #p0
2021-03-18 14:31:54,219 Skipped /Users/martinbernstorff/Life Lessons Git/Life Lessons Bear/Basisk fosfatase.md since it didn't contain #p0
2021-03-18 14:31:54,219 Skipped /Users/martinbernstorff/Life Lessons Git/Life Lessons Bear/Non-specific symptoms are precursors to somatization-disorders.md since it didn't contain #p0
2021-03-18 14:31:54,220 Skipped /Users/martinbernstorff/Life Lessons Git/Life Lessons Bear/Pitch- Cluster analyse til artikel 3.md since it didn't contain #p0
2021-03-18 14:31:54,220 Skipped /Users/martinbernstorff/Life Lessons Git/Life Lessons Bear/How does Andy order his notes.md since it didn't contain #p0
2021-03-18 14:31:54,221 Skipped /Users/martinbernstorff/Life Lessons Git/Life Lessons Bear/People pretend to be happy.md since it didn't contain #p0
2021-03-18 14:31:54,221 Skipped /Users/martinbernstorff/Life Lessons Git/Life Lessons Bear/Flow.md since it didn't contain #p0
2021-03-18 14:31:54,222 Skipped /Users/martinbernstorff/Life Lessons Git/Life Lessons Bear/C4.md since it didn't contain #p0
2021-03-18 14:31:54,222 Skipped /Users/martinbernstorff/Life Lessons Git/Life Lessons Bear/Sinus petrosus inferior kateterisation.md since it didn't contain #p0
2021-03-18 14:31:54,223 Skipped /Users/martinbernstorff/Life Lessons Git/Life Lessons Bear/Align emotions and cognitions.md since it didn't contain #p0
2021-03-18 14:31:54,223 Skipped /Users/martinbernstorff/Life Lessons Git/Life Lessons Bear/Mavesygdom.md since it didn't contain #p0
2021-03-18 14:31:54,223 Skipped /Users/martinbernstorff/Life Lessons Git/Life Lessons Bear/Living by values keeps your choices open.md since it didn't contain #p0
2021-03-18 14:31:54,224 Skipped /Users/martinbernstorff/Life Lessons Git/Life Lessons Bear/What would you say is the greatest accomplishment of your life so far- Brag for a minute.md since it didn't contain #p0
2021-03-18 14:31:54,224 Skipped /Users/martinbernstorff/Life Lessons Git/Life Lessons Bear/What does statistical independence mean.md since it didn't contain #p0
2021-03-18 14:31:54,225 Skipped /Users/martinbernstorff/Life Lessons Git/Life Lessons Bear/Don't use goals in areas with deception.md since it didn't contain #p0
2021-03-18 14:31:54,225 Skipped /Users/martinbernstorff/Life Lessons Git/Life Lessons Bear/I have more distractions when at home.md since it didn't contain #p0
2021-03-18 14:31:54,226 Skipped /Users/martinbernstorff/Life Lessons Git/Life Lessons Bear/§Gaming.md since it didn't contain #p0
2021-03-18 14:31:54,226 Skipped /Users/martinbernstorff/Life Lessons Git/Life Lessons Bear/Telangieektasier.md since it didn't contain #p0
2021-03-18 14:31:54,226 Skipped /Users/martinbernstorff/Life Lessons Git/Life Lessons Bear/Forstuvning af fod.md since it didn't contain #p0
2021-03-18 14:31:54,227 Skipped /Users/martinbernstorff/Life Lessons Git/Life Lessons Bear/Urge-inkontinens.md since it didn't contain #p0
2021-03-18 14:31:54,227 Skipped /Users/martinbernstorff/Life Lessons Git/Life Lessons Bear/Anæmi pga- kronisk sygdom.md since it didn't contain #p0
2021-03-18 14:31:54,227 Skipped /Users/martinbernstorff/Life Lessons Git/Life Lessons Bear/Sideroblastanæmi.md since it didn't contain #p0
2021-03-18 14:31:54,228 Skipped /Users/martinbernstorff/Life Lessons Git/Life Lessons Bear/Risiko for tvangsindlæggelse indenfor 30 dage.md since it didn't contain #p0
2021-03-18 14:31:54,228 Skipped /Users/martinbernstorff/Life Lessons Git/Life Lessons Bear/Work well with collaborators.md since it didn't contain #p0
2021-03-18 14:31:54,228 Skipped /Users/martinbernstorff/Life Lessons Git/Life Lessons Bear/Do sufficient maintenance.md since it didn't contain #p0
2021-03-18 14:31:54,229 Skipped /Users/martinbernstorff/Life Lessons Git/Life Lessons Bear/DVT.md since it didn't contain #p0
2021-03-18 14:31:54,229 Skipped /Users/martinbernstorff/Life Lessons Git/Life Lessons Bear/Add support for QA prompts to make for pretty engagement prompts.md since it didn't contain #p0
2021-03-18 14:31:54,229 Skipped /Users/martinbernstorff/Life Lessons Git/Life Lessons Bear/Fun is the spice of life.md since it didn't contain #p0
2021-03-18 14:31:54,230 Skipped /Users/martinbernstorff/Life Lessons Git/Life Lessons Bear/Systems should guide towards the desired state.md since it didn't contain #p0
2021-03-18 14:31:54,230 Skipped /Users/martinbernstorff/Life Lessons Git/Life Lessons Bear/HSV-2.md since it didn't contain #p0
2021-03-18 14:31:54,230 Skipped /Users/martinbernstorff/Life Lessons Git/Life Lessons Bear/Spend attention well.md since it didn't contain #p0
2021-03-18 14:31:54,230 Skipped /Users/martinbernstorff/Life Lessons Git/Life Lessons Bear/Akut myokardieinfarkt.md since it didn't contain #p0
2021-03-18 14:31:54,231 Skipped /Users/martinbernstorff/Life Lessons Git/Life Lessons Bear/Spermatocele.md since it didn't contain #p0
2021-03-18 14:31:54,231 Skipped /Users/martinbernstorff/Life Lessons Git/Life Lessons Bear/Give advice on actions.md since it didn't contain #p0
2021-03-18 14:31:54,231 Skipped /Users/martinbernstorff/Life Lessons Git/Life Lessons Bear/How do we develop causal understanding.md since it didn't contain #p0
2021-03-18 14:31:54,232 Skipped /Users/martinbernstorff/Life Lessons Git/Life Lessons Bear/What I value in environment and nature.md since it didn't contain #p0
2021-03-18 14:31:54,232 Skipped /Users/martinbernstorff/Life Lessons Git/Life Lessons Bear/Smitsomme sygdomme hos børn og unge.md since it didn't contain #p0
2021-03-18 14:31:54,232 Skipped /Users/martinbernstorff/Life Lessons Git/Life Lessons Bear/Revisit inklings ad-hoc.md since it didn't contain #p0
2021-03-18 14:31:54,232 Skipped /Users/martinbernstorff/Life Lessons Git/Life Lessons Bear/Exploring your pain.md since it didn't contain #p0
2021-03-18 14:31:54,233 Skipped /Users/martinbernstorff/Life Lessons Git/Life Lessons Bear/MODY.md since it didn't contain #p0
2021-03-18 14:31:54,233 Skipped /Users/martinbernstorff/Life Lessons Git/Life Lessons Bear/Azalainsyre.md since it didn't contain #p0
2021-03-18 14:31:54,233 Skipped /Users/martinbernstorff/Life Lessons Git/Life Lessons Bear/Why can social commitments feel necessary.md since it didn't contain #p0
2021-03-18 14:31:54,234 Skipped /Users/martinbernstorff/Life Lessons Git/Life Lessons Bear/Polyarteritis nodosa.md since it didn't contain #p0
2021-03-18 14:31:54,234 Skipped /Users/martinbernstorff/Life Lessons Git/Life Lessons Bear/Why is the conventional definition of confounding wrong.md since it didn't contain #p0
2021-03-18 14:31:54,234 Skipped /Users/martinbernstorff/Life Lessons Git/Life Lessons Bear/Keep task meaning salient.md since it didn't contain #p0
2021-03-18 14:31:54,235 Skipped /Users/martinbernstorff/Life Lessons Git/Life Lessons Bear/Øger man power ved bootstrapping- Man øger N, med samme SD.md since it didn't contain #p0
2021-03-18 14:31:54,235 Skipped /Users/martinbernstorff/Life Lessons Git/Life Lessons Bear/If you're small, you're in a position where it's to your advantage to be weird.md since it didn't contain #p0
2021-03-18 14:31:54,235 Skipped /Users/martinbernstorff/Life Lessons Git/Life Lessons Bear/§Anki log.md since it didn't contain #p0
2021-03-18 14:31:54,236 Skipped /Users/martinbernstorff/Life Lessons Git/Life Lessons Bear/Øget ICP.md since it didn't contain #p0
2021-03-18 14:31:54,236 Skipped /Users/martinbernstorff/Life Lessons Git/Life Lessons Bear/Dødsmåde.md since it didn't contain #p0
2021-03-18 14:31:54,236 Skipped /Users/martinbernstorff/Life Lessons Git/Life Lessons Bear/Mb- Bowen.md since it didn't contain #p0
2021-03-18 14:31:54,237 Skipped /Users/martinbernstorff/Life Lessons Git/Life Lessons Bear/Go to a restaurant for dinner.md since it didn't contain #p0
2021-03-18 14:31:54,237 Skipped /Users/martinbernstorff/Life Lessons Git/Life Lessons Bear/Endogen dermatitis.md since it didn't contain #p0
2021-03-18 14:31:54,237 Skipped /Users/martinbernstorff/Life Lessons Git/Life Lessons Bear/Cholestase.md since it didn't contain #p0
2021-03-18 14:31:54,238 Skipped /Users/martinbernstorff/Life Lessons Git/Life Lessons Bear/Approach vs- Avoidance goals.md since it didn't contain #p0
2021-03-18 14:31:54,238 Skipped /Users/martinbernstorff/Life Lessons Git/Life Lessons Bear/Does living at the SDT BPNT level of thinking decrease autonomy by making most things instrumental (as opposed to ACT).md since it didn't contain #p0
2021-03-18 14:31:54,238 Skipped /Users/martinbernstorff/Life Lessons Git/Life Lessons Bear/§Systems Thinking.md since it didn't contain #p0
2021-03-18 14:31:54,238 Skipped /Users/martinbernstorff/Life Lessons Git/Life Lessons Bear/Can I use multi-armed bandit problem for time well spent.md since it didn't contain #p0
2021-03-18 14:31:54,239 Skipped /Users/martinbernstorff/Life Lessons Git/Life Lessons Bear/Stabil angina pectoris.md since it didn't contain #p0
2021-03-18 14:31:54,239 Skipped /Users/martinbernstorff/Life Lessons Git/Life Lessons Bear/Generalise as much as possible.md since it didn't contain #p0
2021-03-18 14:31:54,239 Skipped /Users/martinbernstorff/Life Lessons Git/Life Lessons Bear/All new Evergreen candidates should be added to an Inbox.md since it didn't contain #p0
2021-03-18 14:31:54,240 Skipped /Users/martinbernstorff/Life Lessons Git/Life Lessons Bear/Furunkel.md since it didn't contain #p0
2021-03-18 14:31:54,240 Skipped /Users/martinbernstorff/Life Lessons Git/Life Lessons Bear/We are motivated if we think our actions matter.md since it didn't contain #p0
2021-03-18 14:31:54,240 Skipped /Users/martinbernstorff/Life Lessons Git/Life Lessons Bear/Hælbursit.md since it didn't contain #p0
2021-03-18 14:31:54,241 Skipped /Users/martinbernstorff/Life Lessons Git/Life Lessons Bear/We have limited control over what we feel.md since it didn't contain #p0
2021-03-18 14:31:54,241 Skipped /Users/martinbernstorff/Life Lessons Git/Life Lessons Bear/Reconsider investment strategy - what if Mieke and I move away from each other- Increased housing costs.md since it didn't contain #p0
2021-03-18 14:31:54,241 Skipped /Users/martinbernstorff/Life Lessons Git/Life Lessons Bear/Celleskrab.md since it didn't contain #p0
2021-03-18 14:31:54,242 Skipped /Users/martinbernstorff/Life Lessons Git/Life Lessons Bear/Be willing to improve with your partner.md since it didn't contain #p0
2021-03-18 14:31:54,242 Skipped /Users/martinbernstorff/Life Lessons Git/Life Lessons Bear/§Stronger Together (platonic).md since it didn't contain #p0
2021-03-18 14:31:54,242 Skipped /Users/martinbernstorff/Life Lessons Git/Life Lessons Bear/How do I use goals without being constricted by them- (Motivationally and good hating).md since it didn't contain #p0
2021-03-18 14:31:54,242 Skipped /Users/martinbernstorff/Life Lessons Git/Life Lessons Bear/Do the most uncertain thing first.md since it didn't contain #p0
2021-03-18 14:31:54,243 Skipped /Users/martinbernstorff/Life Lessons Git/Life Lessons Bear/Phalens test.md since it didn't contain #p0
2021-03-18 14:31:54,243 Skipped /Users/martinbernstorff/Life Lessons Git/Life Lessons Bear/We need values in addition to goals.md since it didn't contain #p0
2021-03-18 14:31:54,243 Skipped /Users/martinbernstorff/Life Lessons Git/Life Lessons Bear/Bradykinin.md since it didn't contain #p0
2021-03-18 14:31:54,244 Skipped /Users/martinbernstorff/Life Lessons Git/Life Lessons Bear/Evergreen notes should be densely linked.md since it didn't contain #p0
2021-03-18 14:31:54,244 Skipped /Users/martinbernstorff/Life Lessons Git/Life Lessons Bear/Forstoppelse (brug obstipation).md since it didn't contain #p0
2021-03-18 14:31:54,244 Skipped /Users/martinbernstorff/Life Lessons Git/Life Lessons Bear/Diabetisk ketoacidose.md since it didn't contain #p0
2021-03-18 14:31:54,245 Skipped /Users/martinbernstorff/Life Lessons Git/Life Lessons Bear/Forskellig benlængde (anisomeli).md since it didn't contain #p0
2021-03-18 14:31:54,245 Skipped /Users/martinbernstorff/Life Lessons Git/Life Lessons Bear/Measurement error.md since it didn't contain #p0
2021-03-18 14:31:54,245 Skipped /Users/martinbernstorff/Life Lessons Git/Life Lessons Bear/Advanced Methods in Pharmacoepidemiology.md since it didn't contain #p0
2021-03-18 14:31:54,246 Skipped /Users/martinbernstorff/Life Lessons Git/Life Lessons Bear/Retention is not valuable for its own sake.md since it didn't contain #p0
2021-03-18 14:31:54,246 Skipped /Users/martinbernstorff/Life Lessons Git/Life Lessons Bear/Ichthyosis.md since it didn't contain #p0
2021-03-18 14:31:54,246 Skipped /Users/martinbernstorff/Life Lessons Git/Life Lessons Bear/Self-regulation definitions.md since it didn't contain #p0
2021-03-18 14:31:54,247 Skipped /Users/martinbernstorff/Life Lessons Git/Life Lessons Bear/Otolog.md since it didn't contain #p0
2021-03-18 14:31:54,247 Skipped /Users/martinbernstorff/Life Lessons Git/Life Lessons Bear/Basocellulært karcinom.md since it didn't contain #p0
2021-03-18 14:31:54,247 Skipped /Users/martinbernstorff/Life Lessons Git/Life Lessons Bear/How do we balance exploration and consolidation.md since it didn't contain #p0
2021-03-18 14:31:54,247 Skipped /Users/martinbernstorff/Life Lessons Git/Life Lessons Bear/Levothyroxin.md since it didn't contain #p0
2021-03-18 14:31:54,248 Skipped /Users/martinbernstorff/Life Lessons Git/Life Lessons Bear/Attention capacity cannot be expanded.md since it didn't contain #p0
2021-03-18 14:31:54,248 Skipped /Users/martinbernstorff/Life Lessons Git/Life Lessons Bear/Perhaps forecasting with vacations as monthly expenses skews the forecast.md since it didn't contain #p0
2021-03-18 14:31:54,248 Skipped /Users/martinbernstorff/Life Lessons Git/Life Lessons Bear/Risiko for tvangsmedicinering.md since it didn't contain #p0
2021-03-18 14:31:54,248 Skipped /Users/martinbernstorff/Life Lessons Git/Life Lessons Bear/Quantification decreases intrinsic motivation.md since it didn't contain #p0
2021-03-18 14:31:54,249 Skipped /Users/martinbernstorff/Life Lessons Git/Life Lessons Bear/Complice is like a dancing partner.md since it didn't contain #p0
2021-03-18 14:31:54,249 Skipped /Users/martinbernstorff/Life Lessons Git/Life Lessons Bear/§SDT.md since it didn't contain #p0
2021-03-18 14:31:54,249 Skipped /Users/martinbernstorff/Life Lessons Git/Life Lessons Bear/Are MHC in need of more interventions.md since it didn't contain #p0
2021-03-18 14:31:54,250 Skipped /Users/martinbernstorff/Life Lessons Git/Life Lessons Bear/ACT is about how to optimise life satisfaction through taking action.md since it didn't contain #p0
2021-03-18 14:31:54,250 Skipped /Users/martinbernstorff/Life Lessons Git/Life Lessons Bear/Make status quo minimal effort.md since it didn't contain #p0
2021-03-18 14:31:54,250 Skipped /Users/martinbernstorff/Life Lessons Git/Life Lessons Bear/Project management for research.md since it didn't contain #p0
2021-03-18 14:31:54,250 Skipped /Users/martinbernstorff/Life Lessons Git/Life Lessons Bear/Kernel Regression.md since it didn't contain #p0
2021-03-18 14:31:54,251 Skipped /Users/martinbernstorff/Life Lessons Git/Life Lessons Bear/How do we resolve the library vs stream tension in hwo we consume media.md since it didn't contain #p0
2021-03-18 14:31:54,276 Skipped /Users/martinbernstorff/Life Lessons Git/Life Lessons Bear/Parenthood is costly.md since it didn't contain #p0
2021-03-18 14:31:54,300 Skipped /Users/martinbernstorff/Life Lessons Git/Life Lessons Bear/MIL avoids burnout.md since it didn't contain #p0
2021-03-18 14:31:54,301 Skipped /Users/martinbernstorff/Life Lessons Git/Life Lessons Bear/Inhalationssteroid.md since it didn't contain #p0
2021-03-18 14:31:54,302 Skipped /Users/martinbernstorff/Life Lessons Git/Life Lessons Bear/Case 1- Medicin, organsystemer.md since it didn't contain #p0
2021-03-18 14:31:54,303 Skipped /Users/martinbernstorff/Life Lessons Git/Life Lessons Bear/Frossen skulder.md since it didn't contain #p0
2021-03-18 14:31:54,304 Skipped /Users/martinbernstorff/Life Lessons Git/Life Lessons Bear/Choose goals wisely.md since it didn't contain #p0
2021-03-18 14:31:54,304 Skipped /Users/martinbernstorff/Life Lessons Git/Life Lessons Bear/Storytelling is convincing.md since it didn't contain #p0
2021-03-18 14:31:54,305 Skipped /Users/martinbernstorff/Life Lessons Git/Life Lessons Bear/Cancer mammae.md since it didn't contain #p0
2021-03-18 14:31:54,306 Skipped /Users/martinbernstorff/Life Lessons Git/Life Lessons Bear/Hidrosadenitis suppurativa.md since it didn't contain #p0
2021-03-18 14:31:54,306 Skipped /Users/martinbernstorff/Life Lessons Git/Life Lessons Bear/Valued living questionnaire.md since it didn't contain #p0
2021-03-18 14:31:54,307 Skipped /Users/martinbernstorff/Life Lessons Git/Life Lessons Bear/Looking for research is gold when intuition can't be trusted.md since it didn't contain #p0
2021-03-18 14:31:54,308 Skipped /Users/martinbernstorff/Life Lessons Git/Life Lessons Bear/PTSD.md since it didn't contain #p0
2021-03-18 14:31:54,308 Skipped /Users/martinbernstorff/Life Lessons Git/Life Lessons Bear/Hyperandrogenisme.md since it didn't contain #p0
2021-03-18 14:31:54,309 Skipped /Users/martinbernstorff/Life Lessons Git/Life Lessons Bear/Signal (Gateless).md since it didn't contain #p0
2021-03-18 14:31:54,309 Skipped /Users/martinbernstorff/Life Lessons Git/Life Lessons Bear/Prioritisation should be minimal effort.md since it didn't contain #p0
2021-03-18 14:31:54,310 Skipped /Users/martinbernstorff/Life Lessons Git/Life Lessons Bear/Use heuristics.md since it didn't contain #p0
2021-03-18 14:31:54,311 Skipped /Users/martinbernstorff/Life Lessons Git/Life Lessons Bear/Intuition is emergent heuristics.md since it didn't contain #p0
2021-03-18 14:31:54,311 Skipped /Users/martinbernstorff/Life Lessons Git/Life Lessons Bear/How do we scale up capacity for functional disorders.md since it didn't contain #p0
2021-03-18 14:31:54,312 Skipped /Users/martinbernstorff/Life Lessons Git/Life Lessons Bear/How do we adjust for incident diagnoses.md since it didn't contain #p0
2021-03-18 14:31:54,312 Skipped /Users/martinbernstorff/Life Lessons Git/Life Lessons Bear/Automatically prune log.md since it didn't contain #p0
2021-03-18 14:31:54,313 Skipped /Users/martinbernstorff/Life Lessons Git/Life Lessons Bear/How hard should I work.md since it didn't contain #p0
2021-03-18 14:31:54,313 Skipped /Users/martinbernstorff/Life Lessons Git/Life Lessons Bear/Attention is limited.md since it didn't contain #p0
2021-03-18 14:31:54,314 Skipped /Users/martinbernstorff/Life Lessons Git/Life Lessons Bear/Erythema multiforme.md since it didn't contain #p0
2021-03-18 14:31:54,315 Skipped /Users/martinbernstorff/Life Lessons Git/Life Lessons Bear/Potentially higher speed.md since it didn't contain #p0
2021-03-18 14:31:54,315 Skipped /Users/martinbernstorff/Life Lessons Git/Life Lessons Bear/Problem vs opportunity vs idea framing.md since it didn't contain #p0
2021-03-18 14:31:54,316 Skipped /Users/martinbernstorff/Life Lessons Git/Life Lessons Bear/Tendinitis calcarea.md since it didn't contain #p0
2021-03-18 14:31:54,317 Skipped /Users/martinbernstorff/Life Lessons Git/Life Lessons Bear/30-dages mortalitet.md since it didn't contain #p0
2021-03-18 14:31:54,318 Skipped /Users/martinbernstorff/Life Lessons Git/Life Lessons Bear/Kønsvorter.md since it didn't contain #p0
2021-03-18 14:31:54,318 Skipped /Users/martinbernstorff/Life Lessons Git/Life Lessons Bear/DMARD.md since it didn't contain #p0
2021-03-18 14:31:54,319 Skipped /Users/martinbernstorff/Life Lessons Git/Life Lessons Bear/What's one of the -best- days you've had in your entire life- Describe what happened that day.md since it didn't contain #p0
2021-03-18 14:31:54,319 Skipped /Users/martinbernstorff/Life Lessons Git/Life Lessons Bear/Bronkiolitis.md since it didn't contain #p0
2021-03-18 14:31:54,320 Skipped /Users/martinbernstorff/Life Lessons Git/Life Lessons Bear/-Romantic Relationships.md since it didn't contain #p0
2021-03-18 14:31:54,320 Skipped /Users/martinbernstorff/Life Lessons Git/Life Lessons Bear/A meaningful relationship contains discomfort.md since it didn't contain #p0
2021-03-18 14:31:54,321 Skipped /Users/martinbernstorff/Life Lessons Git/Life Lessons Bear/Keep things as complicated as required.md since it didn't contain #p0
2021-03-18 14:31:54,321 Skipped /Users/martinbernstorff/Life Lessons Git/Life Lessons Bear/Lichen ruber.md since it didn't contain #p0
2021-03-18 14:31:54,322 Skipped /Users/martinbernstorff/Life Lessons Git/Life Lessons Bear/Experiential avoidance.md since it didn't contain #p0
2021-03-18 14:31:54,322 Skipped /Users/martinbernstorff/Life Lessons Git/Life Lessons Bear/HPV-smear.md since it didn't contain #p0
2021-03-18 14:31:54,323 Skipped /Users/martinbernstorff/Life Lessons Git/Life Lessons Bear/Percentile feedback makes my belly burn and disrupts my sleep.md since it didn't contain #p0
2021-03-18 14:31:54,323 Skipped /Users/martinbernstorff/Life Lessons Git/Life Lessons Bear/Svimmelhed.md since it didn't contain #p0
2021-03-18 14:31:54,323 Skipped /Users/martinbernstorff/Life Lessons Git/Life Lessons Bear/Akut dyspnø.md since it didn't contain #p0
2021-03-18 14:31:54,324 Skipped /Users/martinbernstorff/Life Lessons Git/Life Lessons Bear/Defuse from.md since it didn't contain #p0
2021-03-18 14:31:54,324 Skipped /Users/martinbernstorff/Life Lessons Git/Life Lessons Bear/§Knæet.md since it didn't contain #p0
2021-03-18 14:31:54,325 Skipped /Users/martinbernstorff/Life Lessons Git/Life Lessons Bear/Senilt angiom.md since it didn't contain #p0
2021-03-18 14:31:54,325 Skipped /Users/martinbernstorff/Life Lessons Git/Life Lessons Bear/Korsbåndslæsion.md since it didn't contain #p0
2021-03-18 14:31:54,325 Skipped /Users/martinbernstorff/Life Lessons Git/Life Lessons Bear/Google sheets.md since it didn't contain #p0
2021-03-18 14:31:54,326 Skipped /Users/martinbernstorff/Life Lessons Git/Life Lessons Bear/Anafylaksi.md since it didn't contain #p0
2021-03-18 14:31:54,326 Skipped /Users/martinbernstorff/Life Lessons Git/Life Lessons Bear/Endokrin hypertension.md since it didn't contain #p0
2021-03-18 14:31:54,326 Skipped /Users/martinbernstorff/Life Lessons Git/Life Lessons Bear/Demens.md since it didn't contain #p0
2021-03-18 14:31:54,327 Skipped /Users/martinbernstorff/Life Lessons Git/Life Lessons Bear/Planning F2021.md since it didn't contain #p0
2021-03-18 14:31:54,327 Skipped /Users/martinbernstorff/Life Lessons Git/Life Lessons Bear/Will I regret staying with Mieke.md since it didn't contain #p0
2021-03-18 14:31:54,327 Skipped /Users/martinbernstorff/Life Lessons Git/Life Lessons Bear/Make sources of waste visible in knowledge work.md since it didn't contain #p0
2021-03-18 14:31:54,328 Skipped /Users/martinbernstorff/Life Lessons Git/Life Lessons Bear/Extract values from feelings.md since it didn't contain #p0
2021-03-18 14:31:54,328 Skipped /Users/martinbernstorff/Life Lessons Git/Life Lessons Bear/Cortisol.md since it didn't contain #p0
2021-03-18 14:31:54,329 Skipped /Users/martinbernstorff/Life Lessons Git/Life Lessons Bear/Nummulat dermatitis.md since it didn't contain #p0
2021-03-18 14:31:54,329 Skipped /Users/martinbernstorff/Life Lessons Git/Life Lessons Bear/What is the underlying exploreexploit dilemma for browsingreading media- How does it tie into lack of obligation implementation.md since it didn't contain #p0
2021-03-18 14:31:54,329 Skipped /Users/martinbernstorff/Life Lessons Git/Life Lessons Bear/Plan for obstacles.md since it didn't contain #p0
2021-03-18 14:31:54,330 Skipped /Users/martinbernstorff/Life Lessons Git/Life Lessons Bear/Retentio testis.md since it didn't contain #p0
2021-03-18 14:31:54,330 Skipped /Users/martinbernstorff/Life Lessons Git/Life Lessons Bear/Theory of Constraints.md since it didn't contain #p0
2021-03-18 14:31:54,330 Skipped /Users/martinbernstorff/Life Lessons Git/Life Lessons Bear/Try mid-day exercise.md since it didn't contain #p0
2021-03-18 14:31:54,331 Skipped /Users/martinbernstorff/Life Lessons Git/Life Lessons Bear/Behandlingsmål ved T1D.md since it didn't contain #p0
2021-03-18 14:31:54,331 Skipped /Users/martinbernstorff/Life Lessons Git/Life Lessons Bear/Games are not created equal.md since it didn't contain #p0
2021-03-18 14:31:54,331 Skipped /Users/martinbernstorff/Life Lessons Git/Life Lessons Bear/Shape research ideas.md since it didn't contain #p0
2021-03-18 14:31:54,332 Skipped /Users/martinbernstorff/Life Lessons Git/Life Lessons Bear/Managing co-authors well determines scientific productivity.md since it didn't contain #p0
2021-03-18 14:31:54,332 Skipped /Users/martinbernstorff/Life Lessons Git/Life Lessons Bear/MIP is neglected.md since it didn't contain #p0
2021-03-18 14:31:54,332 Skipped /Users/martinbernstorff/Life Lessons Git/Life Lessons Bear/How does nobility allow for the enjoyable part of enjoyable usefulness.md since it didn't contain #p0
2021-03-18 14:31:54,333 Skipped /Users/martinbernstorff/Life Lessons Git/Life Lessons Bear/Optimise reuseability in litterature review.md since it didn't contain #p0
2021-03-18 14:31:54,333 Skipped /Users/martinbernstorff/Life Lessons Git/Life Lessons Bear/CVD.md since it didn't contain #p0
2021-03-18 14:31:54,333 Skipped /Users/martinbernstorff/Life Lessons Git/Life Lessons Bear/Gaming is a shared interest.md since it didn't contain #p0
2021-03-18 14:31:54,334 Skipped /Users/martinbernstorff/Life Lessons Git/Life Lessons Bear/Make specific predictions before starting research.md since it didn't contain #p0
2021-03-18 14:31:54,335 Skipped /Users/martinbernstorff/Life Lessons Git/Life Lessons Bear/Iridocyklitis.md since it didn't contain #p0
2021-03-18 14:31:54,335 Skipped /Users/martinbernstorff/Life Lessons Git/Life Lessons Bear/MMSE.md since it didn't contain #p0
2021-03-18 14:31:54,335 Skipped /Users/martinbernstorff/Life Lessons Git/Life Lessons Bear/-My experience system.md since it didn't contain #p0
2021-03-18 14:31:54,336 Skipped /Users/martinbernstorff/Life Lessons Git/Life Lessons Bear/Campylobacter jejuni.md since it didn't contain #p0
2021-03-18 14:31:54,336 Skipped /Users/martinbernstorff/Life Lessons Git/Life Lessons Bear/SOFA.md since it didn't contain #p0
2021-03-18 14:31:54,337 Skipped /Users/martinbernstorff/Life Lessons Git/Life Lessons Bear/How would I know if I were wrong.md since it didn't contain #p0
2021-03-18 14:31:54,337 Skipped /Users/martinbernstorff/Life Lessons Git/Life Lessons Bear/-Technology for the betting table.md since it didn't contain #p0
2021-03-18 14:31:54,338 Skipped /Users/martinbernstorff/Life Lessons Git/Life Lessons Bear/Kontaktblødning.md since it didn't contain #p0
2021-03-18 14:31:54,338 Skipped /Users/martinbernstorff/Life Lessons Git/Life Lessons Bear/NSSH- Results.md since it didn't contain #p0
2021-03-18 14:31:54,339 Skipped /Users/martinbernstorff/Life Lessons Git/Life Lessons Bear/Add periodical gratitude note to Hazel.md since it didn't contain #p0
2021-03-18 14:31:54,339 Skipped /Users/martinbernstorff/Life Lessons Git/Life Lessons Bear/What does your ideal future look like.md since it didn't contain #p0
2021-03-18 14:31:54,339 Skipped /Users/martinbernstorff/Life Lessons Git/Life Lessons Bear/Normohydreret hyponatriæmi.md since it didn't contain #p0
2021-03-18 14:31:54,340 Skipped /Users/martinbernstorff/Life Lessons Git/Life Lessons Bear/Add askpsychology to rss.md since it didn't contain #p0
2021-03-18 14:31:54,340 Skipped /Users/martinbernstorff/Life Lessons Git/Life Lessons Bear/Cystit.md since it didn't contain #p0
2021-03-18 14:31:54,341 Skipped /Users/martinbernstorff/Life Lessons Git/Life Lessons Bear/Do we want to remove the TV from our living room.md since it didn't contain #p0
2021-03-18 14:31:54,341 Skipped /Users/martinbernstorff/Life Lessons Git/Life Lessons Bear/Daniel’s presentation.md since it didn't contain #p0
2021-03-18 14:31:54,342 Skipped /Users/martinbernstorff/Life Lessons Git/Life Lessons Bear/Brystsmerter.md since it didn't contain #p0
2021-03-18 14:31:54,342 Skipped /Users/martinbernstorff/Life Lessons Git/Life Lessons Bear/Notifications are not useful in a todo context.md since it didn't contain #p0
2021-03-18 14:31:54,342 Skipped /Users/martinbernstorff/Life Lessons Git/Life Lessons Bear/Cooking principles.md since it didn't contain #p0
2021-03-18 14:31:54,343 Skipped /Users/martinbernstorff/Life Lessons Git/Life Lessons Bear/Warfarin.md since it didn't contain #p0
2021-03-18 14:31:54,343 Skipped /Users/martinbernstorff/Life Lessons Git/Life Lessons Bear/Elaborative encoding encourages gears level understanding.md since it didn't contain #p0
2021-03-18 14:31:54,344 Skipped /Users/martinbernstorff/Life Lessons Git/Life Lessons Bear/Writing prompts sharper understanding.md since it didn't contain #p0
2021-03-18 14:31:54,344 Skipped /Users/martinbernstorff/Life Lessons Git/Life Lessons Bear/If your values conflict.md since it didn't contain #p0
2021-03-18 14:31:54,344 Skipped /Users/martinbernstorff/Life Lessons Git/Life Lessons Bear/Spend money to protect attention.md since it didn't contain #p0
2021-03-18 14:31:54,345 Skipped /Users/martinbernstorff/Life Lessons Git/Life Lessons Bear/Dysuri.md since it didn't contain #p0
2021-03-18 14:31:54,345 Skipped /Users/martinbernstorff/Life Lessons Git/Life Lessons Bear/Importance plus novelty.md since it didn't contain #p0
2021-03-18 14:31:54,345 Skipped /Users/martinbernstorff/Life Lessons Git/Life Lessons Bear/Books can give you an overview of a field.md since it didn't contain #p0
2021-03-18 14:31:54,346 Skipped /Users/martinbernstorff/Life Lessons Git/Life Lessons Bear/Talk about concepts, not events.md since it didn't contain #p0
2021-03-18 14:31:54,346 Skipped /Users/martinbernstorff/Life Lessons Git/Life Lessons Bear/Minimise motion.md since it didn't contain #p0
2021-03-18 14:31:54,346 Skipped /Users/martinbernstorff/Life Lessons Git/Life Lessons Bear/Vulnerability, Trust and Relatedness are self-reinforcing.md since it didn't contain #p0
2021-03-18 14:31:54,347 Skipped /Users/martinbernstorff/Life Lessons Git/Life Lessons Bear/Claviculafraktur.md since it didn't contain #p0
2021-03-18 14:31:54,347 Skipped /Users/martinbernstorff/Life Lessons Git/Life Lessons Bear/Eternalism.md since it didn't contain #p0
2021-03-18 14:31:54,348 Skipped /Users/martinbernstorff/Life Lessons Git/Life Lessons Bear/Mb- de Quervain.md since it didn't contain #p0
2021-03-18 14:31:54,348 Skipped /Users/martinbernstorff/Life Lessons Git/Life Lessons Bear/Risiko for UTH.md since it didn't contain #p0
2021-03-18 14:31:54,348 Skipped /Users/martinbernstorff/Life Lessons Git/Life Lessons Bear/Glideapps.md since it didn't contain #p0
2021-03-18 14:31:54,349 Skipped /Users/martinbernstorff/Life Lessons Git/Life Lessons Bear/Kunstig hjerteklap.md since it didn't contain #p0
2021-03-18 14:31:54,349 Skipped /Users/martinbernstorff/Life Lessons Git/Life Lessons Bear/Make it easy to ingest.md since it didn't contain #p0
2021-03-18 14:31:54,349 Skipped /Users/martinbernstorff/Life Lessons Git/Life Lessons Bear/Failing is feedback.md since it didn't contain #p0
2021-03-18 14:31:54,350 Skipped /Users/martinbernstorff/Life Lessons Git/Life Lessons Bear/Nedgroet tånegl.md since it didn't contain #p0
2021-03-18 14:31:54,350 Skipped /Users/martinbernstorff/Life Lessons Git/Life Lessons Bear/HPV.md since it didn't contain #p0
2021-03-18 14:31:54,350 Skipped /Users/martinbernstorff/Life Lessons Git/Life Lessons Bear/PhD planer.md since it didn't contain #p0
2021-03-18 14:31:54,351 Skipped /Users/martinbernstorff/Life Lessons Git/Life Lessons Bear/Cyste.md since it didn't contain #p0
2021-03-18 14:31:54,351 Skipped /Users/martinbernstorff/Life Lessons Git/Life Lessons Bear/EBV.md since it didn't contain #p0
2021-03-18 14:31:54,352 Skipped /Users/martinbernstorff/Life Lessons Git/Life Lessons Bear/Rygsmerter i børn.md since it didn't contain #p0
2021-03-18 14:31:54,352 Skipped /Users/martinbernstorff/Life Lessons Git/Life Lessons Bear/Don't talk about a project until it's way under way.md since it didn't contain #p0
2021-03-18 14:31:54,352 Skipped /Users/martinbernstorff/Life Lessons Git/Life Lessons Bear/A proper diagnosis should be valid.md since it didn't contain #p0
2021-03-18 14:31:54,353 Skipped /Users/martinbernstorff/Life Lessons Git/Life Lessons Bear/Value of work determines number of citations.md since it didn't contain #p0
2021-03-18 14:31:54,353 Skipped /Users/martinbernstorff/Life Lessons Git/Life Lessons Bear/Kapillære hæmangiomer.md since it didn't contain #p0
2021-03-18 14:31:54,354 Skipped /Users/martinbernstorff/Life Lessons Git/Life Lessons Bear/Sturge-Weber syndrom.md since it didn't contain #p0
2021-03-18 14:31:54,354 Skipped /Users/martinbernstorff/Life Lessons Git/Life Lessons Bear/Support notes in my personal finances.md since it didn't contain #p0
2021-03-18 14:31:54,354 Skipped /Users/martinbernstorff/Life Lessons Git/Life Lessons Bear/On Learning.md since it didn't contain #p0
2021-03-18 14:31:54,355 Skipped /Users/martinbernstorff/Life Lessons Git/Life Lessons Bear/Panniculitis.md since it didn't contain #p0
2021-03-18 14:31:54,355 Skipped /Users/martinbernstorff/Life Lessons Git/Life Lessons Bear/Should I ask for help very early in the problem solving process.md since it didn't contain #p0
2021-03-18 14:31:54,356 Skipped /Users/martinbernstorff/Life Lessons Git/Life Lessons Bear/Hypofyseinsufficiens.md since it didn't contain #p0
2021-03-18 14:31:54,356 Skipped /Users/martinbernstorff/Life Lessons Git/Life Lessons Bear/IGRA-test.md since it didn't contain #p0
2021-03-18 14:31:54,356 Skipped /Users/martinbernstorff/Life Lessons Git/Life Lessons Bear/Farma-forelæsning 1.md since it didn't contain #p0
2021-03-18 14:31:54,357 Skipped /Users/martinbernstorff/Life Lessons Git/Life Lessons Bear/Meaningness- Play.md since it didn't contain #p0
2021-03-18 14:31:54,357 Skipped /Users/martinbernstorff/Life Lessons Git/Life Lessons Bear/Is my partner fit to be a parent.md since it didn't contain #p0
2021-03-18 14:31:54,357 Skipped /Users/martinbernstorff/Life Lessons Git/Life Lessons Bear/Go for efficient feedback.md since it didn't contain #p0
2021-03-18 14:31:54,358 Skipped /Users/martinbernstorff/Life Lessons Git/Life Lessons Bear/Spondylose.md since it didn't contain #p0
2021-03-18 14:31:54,358 Skipped /Users/martinbernstorff/Life Lessons Git/Life Lessons Bear/Diarre.md since it didn't contain #p0
2021-03-18 14:31:54,358 Skipped /Users/martinbernstorff/Life Lessons Git/Life Lessons Bear/Changed interpretation of non-specific somatic symptoms leads to somatization disorders.md since it didn't contain #p0
2021-03-18 14:31:54,359 Skipped /Users/martinbernstorff/Life Lessons Git/Life Lessons Bear/Re-naming the source file updates, but doesn't generate notes.md since it didn't contain #p0
2021-03-18 14:31:54,359 Skipped /Users/martinbernstorff/Life Lessons Git/Life Lessons Bear/Impulstest.md since it didn't contain #p0
2021-03-18 14:31:54,359 Skipped /Users/martinbernstorff/Life Lessons Git/Life Lessons Bear/Osteoporose i graviditeten.md since it didn't contain #p0
2021-03-18 14:31:54,360 Skipped /Users/martinbernstorff/Life Lessons Git/Life Lessons Bear/The metaphors we use shapes our stance.md since it didn't contain #p0
2021-03-18 14:31:54,360 Skipped /Users/martinbernstorff/Life Lessons Git/Life Lessons Bear/Kompartmentsyndrom.md since it didn't contain #p0
2021-03-18 14:31:54,360 Skipped /Users/martinbernstorff/Life Lessons Git/Life Lessons Bear/How do I foster a sense of autonomy and agency in my day.md since it didn't contain #p0
2021-03-18 14:31:54,360 Skipped /Users/martinbernstorff/Life Lessons Git/Life Lessons Bear/Proksimal humerusfraktur.md since it didn't contain #p0
2021-03-18 14:31:54,361 Skipped /Users/martinbernstorff/Life Lessons Git/Life Lessons Bear/Academia promotes short term optimization.md since it didn't contain #p0
2021-03-18 14:31:54,361 Skipped /Users/martinbernstorff/Life Lessons Git/Life Lessons Bear/Living and wanting are different.md since it didn't contain #p0
2021-03-18 14:31:54,361 Skipped /Users/martinbernstorff/Life Lessons Git/Life Lessons Bear/Laktat.md since it didn't contain #p0
2021-03-18 14:31:54,362 Skipped /Users/martinbernstorff/Life Lessons Git/Life Lessons Bear/Morbillivirus.md since it didn't contain #p0
2021-03-18 14:31:54,362 Skipped /Users/martinbernstorff/Life Lessons Git/Life Lessons Bear/Sandsynlighed for behandlingsrespons.md since it didn't contain #p0
2021-03-18 14:31:54,362 Skipped /Users/martinbernstorff/Life Lessons Git/Life Lessons Bear/Put yourself in social contexts that support your values.md since it didn't contain #p0
2021-03-18 14:31:54,363 Skipped /Users/martinbernstorff/Life Lessons Git/Life Lessons Bear/Participation.md since it didn't contain #p0
2021-03-18 14:31:54,363 Skipped /Users/martinbernstorff/Life Lessons Git/Life Lessons Bear/Astmatisk bronkitis.md since it didn't contain #p0
2021-03-18 14:31:54,363 Skipped /Users/martinbernstorff/Life Lessons Git/Life Lessons Bear/De-prioritise shallow novelty.md since it didn't contain #p0
2021-03-18 14:31:54,364 Skipped /Users/martinbernstorff/Life Lessons Git/Life Lessons Bear/Hovedpine forelæsning.md since it didn't contain #p0
2021-03-18 14:31:54,364 Skipped /Users/martinbernstorff/Life Lessons Git/Life Lessons Bear/Cervicit.md since it didn't contain #p0
2021-03-18 14:31:54,364 Skipped /Users/martinbernstorff/Life Lessons Git/Life Lessons Bear/Toksisk shock syndrom.md since it didn't contain #p0
2021-03-18 14:31:54,364 Skipped /Users/martinbernstorff/Life Lessons Git/Life Lessons Bear/Doxycyklin.md since it didn't contain #p0
2021-03-18 14:31:54,365 Skipped /Users/martinbernstorff/Life Lessons Git/Life Lessons Bear/I want mastery in my recreation.md since it didn't contain #p0
2021-03-18 14:31:54,365 Skipped /Users/martinbernstorff/Life Lessons Git/Life Lessons Bear/§Towards an understanding of Multiple Health Complaints.md since it didn't contain #p0
2021-03-18 14:31:54,365 Skipped /Users/martinbernstorff/Life Lessons Git/Life Lessons Bear/What can Mieke and I care about together.md since it didn't contain #p0
2021-03-18 14:31:54,366 Skipped /Users/martinbernstorff/Life Lessons Git/Life Lessons Bear/Optimise the critical chain.md since it didn't contain #p0
2021-03-18 14:31:54,366 Skipped /Users/martinbernstorff/Life Lessons Git/Life Lessons Bear/Undersøgelse af skulder.md since it didn't contain #p0
2021-03-18 14:31:54,366 Skipped /Users/martinbernstorff/Life Lessons Git/Life Lessons Bear/Jernmangel.md since it didn't contain #p0
2021-03-18 14:31:54,367 Skipped /Users/martinbernstorff/Life Lessons Git/Life Lessons Bear/Ekstrauterin graviditet.md since it didn't contain #p0
2021-03-18 14:31:54,367 Skipped /Users/martinbernstorff/Life Lessons Git/Life Lessons Bear/§Mindfulness.md since it didn't contain #p0
2021-03-18 14:31:54,367 Skipped /Users/martinbernstorff/Life Lessons Git/Life Lessons Bear/Baklofen.md since it didn't contain #p0
2021-03-18 14:31:54,368 Skipped /Users/martinbernstorff/Life Lessons Git/Life Lessons Bear/What are you taking for granted that you want to remember to be grateful for.md since it didn't contain #p0
2021-03-18 14:31:54,368 Skipped /Users/martinbernstorff/Life Lessons Git/Life Lessons Bear/Akut epiglottitis.md since it didn't contain #p0
2021-03-18 14:31:54,368 Skipped /Users/martinbernstorff/Life Lessons Git/Life Lessons Bear/Self-explanation is high utility for abstract content.md since it didn't contain #p0
2021-03-18 14:31:54,369 Skipped /Users/martinbernstorff/Life Lessons Git/Life Lessons Bear/Which role do I want audio books to play.md since it didn't contain #p0
2021-03-18 14:31:54,369 Skipped /Users/martinbernstorff/Life Lessons Git/Life Lessons Bear/Intertrigo.md since it didn't contain #p0
2021-03-18 14:31:54,369 Skipped /Users/martinbernstorff/Life Lessons Git/Life Lessons Bear/Compromise on the unimportant.md since it didn't contain #p0
2021-03-18 14:31:54,369 Skipped /Users/martinbernstorff/Life Lessons Git/Life Lessons Bear/Kroniske lumbale rygsmerter (lumbago).md since it didn't contain #p0
2021-03-18 14:31:54,370 Skipped /Users/martinbernstorff/Life Lessons Git/Life Lessons Bear/Are there alternatives to a 4th article that preserves bandwidth in 12th semester.md since it didn't contain #p0
2021-03-18 14:31:54,370 Skipped /Users/martinbernstorff/Life Lessons Git/Life Lessons Bear/Subordinate non-bottlenecks.md since it didn't contain #p0
2021-03-18 14:31:54,370 Skipped /Users/martinbernstorff/Life Lessons Git/Life Lessons Bear/Karbunkel.md since it didn't contain #p0
2021-03-18 14:31:54,371 Skipped /Users/martinbernstorff/Life Lessons Git/Life Lessons Bear/ICIQ.md since it didn't contain #p0
2021-03-18 14:31:54,371 Skipped /Users/martinbernstorff/Life Lessons Git/Life Lessons Bear/To explore without attention residue, keep depth sufficient.md since it didn't contain #p0
2021-03-18 14:31:54,371 Skipped /Users/martinbernstorff/Life Lessons Git/Life Lessons Bear/Obstipation.md since it didn't contain #p0
2021-03-18 14:31:54,372 Skipped /Users/martinbernstorff/Life Lessons Git/Life Lessons Bear/Head-shake test.md since it didn't contain #p0
2021-03-18 14:31:54,372 Skipped /Users/martinbernstorff/Life Lessons Git/Life Lessons Bear/Dicloxacillin.md since it didn't contain #p0
2021-03-18 14:31:54,372 Skipped /Users/martinbernstorff/Life Lessons Git/Life Lessons Bear/Spend your time on what is important.md since it didn't contain #p0
2021-03-18 14:31:54,373 Skipped /Users/martinbernstorff/Life Lessons Git/Life Lessons Bear/Use the right methods.md since it didn't contain #p0
2021-03-18 14:31:54,373 Skipped /Users/martinbernstorff/Life Lessons Git/Life Lessons Bear/Mieke isn't curious.md since it didn't contain #p0
2021-03-18 14:31:54,373 Skipped /Users/martinbernstorff/Life Lessons Git/Life Lessons Bear/Tinnels test.md since it didn't contain #p0
2021-03-18 14:31:54,374 Skipped /Users/martinbernstorff/Life Lessons Git/Life Lessons Bear/Identify the signs.md since it didn't contain #p0
2021-03-18 14:31:54,374 Skipped /Users/martinbernstorff/Life Lessons Git/Life Lessons Bear/When to prioritise savouring.md since it didn't contain #p0
2021-03-18 14:31:54,374 Skipped /Users/martinbernstorff/Life Lessons Git/Life Lessons Bear/Bidsår.md since it didn't contain #p0
2021-03-18 14:31:54,374 Skipped /Users/martinbernstorff/Life Lessons Git/Life Lessons Bear/Lateral halscyste.md since it didn't contain #p0
2021-03-18 14:31:54,375 Skipped /Users/martinbernstorff/Life Lessons Git/Life Lessons Bear/Skulderinstabilitet.md since it didn't contain #p0
2021-03-18 14:31:54,375 Skipped /Users/martinbernstorff/Life Lessons Git/Life Lessons Bear/What is the causal mechanism for NSS.md since it didn't contain #p0
2021-03-18 14:31:54,375 Skipped /Users/martinbernstorff/Life Lessons Git/Life Lessons Bear/Are R- and Z-diagnoses more frequent at night.md since it didn't contain #p0
2021-03-18 14:31:54,376 Skipped /Users/martinbernstorff/Life Lessons Git/Life Lessons Bear/We don't know what we will enjoy.md since it didn't contain #p0
2021-03-18 14:31:54,376 Skipped /Users/martinbernstorff/Life Lessons Git/Life Lessons Bear/Prader-Willi syndrom.md since it didn't contain #p0
2021-03-18 14:31:54,376 Skipped /Users/martinbernstorff/Life Lessons Git/Life Lessons Bear/Varied inputs allow for creativity.md since it didn't contain #p0
2021-03-18 14:31:54,377 Skipped /Users/martinbernstorff/Life Lessons Git/Life Lessons Bear/Shared future plans predict relationship satisfaction.md since it didn't contain #p0
2021-03-18 14:31:54,377 Skipped /Users/martinbernstorff/Life Lessons Git/Life Lessons Bear/Episodisk hovedpine.md since it didn't contain #p0
2021-03-18 14:31:54,377 Skipped /Users/martinbernstorff/Life Lessons Git/Life Lessons Bear/NaCl.md since it didn't contain #p0
2021-03-18 14:31:54,378 /Users/martinbernstorff/Life Lessons Git/Life Lessons Bear/How do I facilitate exploration of values.md contains #p0
2021-03-18 14:31:54,378 Checking /Users/martinbernstorff/Life Lessons Git/Life Lessons Bear/How do I facilitate exploration of values.md for excluded_tag #work
2021-03-18 14:31:54,378 Didn't skip /Users/martinbernstorff/Life Lessons Git/Life Lessons Bear/How do I facilitate exploration of values.md since it didn't match #work
