INFO:root:Changed file /System/Volumes/Data/Users/martinbernstorff/Dropbox/Life Lessons Bear/Balance searching for and making your own solutions.md
INFO:root:Changed file /System/Volumes/Data/Users/martinbernstorff/Dropbox/Life Lessons Bear/How do I balance think-research-read-do-experience.md
INFO:root:Changed file /System/Volumes/Data/Users/martinbernstorff/Dropbox/Life Lessons Bear/Make waste visible.md
INFO:root:Changed file /System/Volumes/Data/Users/martinbernstorff/Dropbox/Life Lessons Bear/Which symptoms are most prevalent among children with MHC.md
INFO:root:Changed file /System/Volumes/Data/Users/martinbernstorff/Dropbox/Life Lessons Bear/Minimise waste.md
INFO:root:Changed file /System/Volumes/Data/Users/martinbernstorff/Dropbox/Life Lessons Bear/Quantification as a nudge is controlling.md
INFO:root:Changed file /System/Volumes/Data/Users/martinbernstorff/Dropbox/Life Lessons Bear/Managing feedback is extremely high leverage.md
INFO:root:Changed file /System/Volumes/Data/Users/martinbernstorff/Dropbox/Life Lessons Bear/When to automate.md
INFO:root:Changed file /System/Volumes/Data/Users/martinbernstorff/Dropbox/Life Lessons Bear/Spaced repetition is useful if look-up time is expensive.md
INFO:root:Changed file /System/Volumes/Data/Users/martinbernstorff/Dropbox/Life Lessons Bear/What do I want my workout routine to look like.md
INFO:root:Changed file /System/Volumes/Data/Users/martinbernstorff/Dropbox/Life Lessons Bear/We need long-term feedback loops.md
INFO:root:Changed file /System/Volumes/Data/Users/martinbernstorff/Dropbox/Life Lessons Bear/How do I avoid distraction from waiting for important mail.md
INFO:root:Changed file /System/Volumes/Data/Users/martinbernstorff/Dropbox/Life Lessons Bear/For which tasks does Theory of Constraints apply.md
INFO:root:Changed file /System/Volumes/Data/Users/martinbernstorff/Dropbox/Life Lessons Bear/When to delegate.md
INFO:root:Changed file /System/Volumes/Data/Users/martinbernstorff/Dropbox/Life Lessons Bear/Pomodoro Technique.md
INFO:root:Changed file /System/Volumes/Data/Users/martinbernstorff/Dropbox/Life Lessons Bear/Managing feedback is extremely high leverage.md
INFO:root:Changed file /System/Volumes/Data/Users/martinbernstorff/Dropbox/Life Lessons Bear/What do I want my workout routine to look like.md
INFO:root:Changed file /System/Volumes/Data/Users/martinbernstorff/Dropbox/Life Lessons Bear/We need long-term feedback loops.md
INFO:root:Changed file /System/Volumes/Data/Users/martinbernstorff/Dropbox/Life Lessons Bear/What is the purpose of literature review during research.md
INFO:root:Changed file /System/Volumes/Data/Users/martinbernstorff/Dropbox/Life Lessons Bear/Taskheat vs TimeHero.md
INFO:root:Changed file /System/Volumes/Data/Users/martinbernstorff/Dropbox/Life Lessons Bear/Balance searching for and making your own solutions.md
INFO:root:Changed file /System/Volumes/Data/Users/martinbernstorff/Dropbox/Life Lessons Bear/How do I balance think-research-read-do-experience.md
INFO:root:Changed file /System/Volumes/Data/Users/martinbernstorff/Dropbox/Life Lessons Bear/Pomodoro Technique.md
INFO:root:Changed file /System/Volumes/Data/Users/martinbernstorff/Dropbox/Life Lessons Bear/What do I want my workout routine to look like.md
INFO:root:Changed file /System/Volumes/Data/Users/martinbernstorff/Dropbox/Life Lessons Bear/-My understanding of problem-solving.md
INFO:root:Changed file /System/Volumes/Data/Users/martinbernstorff/Dropbox/Life Lessons Bear/How do I make it easy to research on my iPad.md
INFO:root:Changed file /System/Volumes/Data/Users/martinbernstorff/Dropbox/Life Lessons Bear/We need long-term feedback loops.md
INFO:root:Changed file /System/Volumes/Data/Users/martinbernstorff/Dropbox/Life Lessons Bear/What is the purpose of literature review during research.md
INFO:root:Changed file /System/Volumes/Data/Users/martinbernstorff/Dropbox/Life Lessons Bear/How do I avoid distraction from waiting for important mail.md
INFO:root:Changed file /System/Volumes/Data/Users/martinbernstorff/Dropbox/Life Lessons Bear/Which symptoms are most prevalent among children with MHC.md
INFO:root:Changed file /System/Volumes/Data/Users/martinbernstorff/Dropbox/Life Lessons Bear/What does MHC consist of.md
INFO:root:Changed file /System/Volumes/Data/Users/martinbernstorff/Dropbox/Life Lessons Bear/-My understanding of problem-solving.md
INFO:root:Changed file /System/Volumes/Data/Users/martinbernstorff/Dropbox/Life Lessons Bear/Do the hardest things.md
INFO:root:Changed file /System/Volumes/Data/Users/martinbernstorff/Dropbox/Life Lessons Bear/For which tasks does Theory of Constraints apply.md
INFO:root:Changed file /System/Volumes/Data/Users/martinbernstorff/Dropbox/Life Lessons Bear/Balance searching for and making your own solutions.md
INFO:root:Changed file /System/Volumes/Data/Users/martinbernstorff/Dropbox/Life Lessons Bear/Make waste visible.md
INFO:root:Changed file /System/Volumes/Data/Users/martinbernstorff/Dropbox/Life Lessons Bear/Minimise waste.md
INFO:root:Changed file /System/Volumes/Data/Users/martinbernstorff/Dropbox/Life Lessons Bear/Managing feedback is extremely high leverage.md
INFO:root:Changed file /System/Volumes/Data/Users/martinbernstorff/Dropbox/Life Lessons Bear/When to automate.md
INFO:root:Changed file /System/Volumes/Data/Users/martinbernstorff/Dropbox/Life Lessons Bear/What does MHC consist of.md
INFO:root:Changed file /System/Volumes/Data/Users/martinbernstorff/Dropbox/Life Lessons Bear/What I value in a partner.md
INFO:root:Changed file /System/Volumes/Data/Users/martinbernstorff/Dropbox/Life Lessons Bear/Do the hardest things.md
INFO:root:Changed file /System/Volumes/Data/Users/martinbernstorff/Dropbox/Life Lessons Bear/What is the purpose of literature review during research.md
INFO:root:Changed file /System/Volumes/Data/Users/martinbernstorff/Dropbox/Life Lessons Bear/How do I avoid distraction from waiting for important mail.md
INFO:root:Changed file /System/Volumes/Data/Users/martinbernstorff/Dropbox/Life Lessons Bear/For which tasks does Theory of Constraints apply.md
INFO:root:Changed file /System/Volumes/Data/Users/martinbernstorff/Dropbox/Life Lessons Bear/Taskheat vs TimeHero.md
INFO:root:Changed file /System/Volumes/Data/Users/martinbernstorff/Dropbox/Life Lessons Bear/When to delegate.md
INFO:root:Changed file /System/Volumes/Data/Users/martinbernstorff/Dropbox/Life Lessons Bear/Balance searching for and making your own solutions.md
INFO:root:Changed file /System/Volumes/Data/Users/martinbernstorff/Dropbox/Life Lessons Bear/How do I balance think-research-read-do-experience.md
INFO:root:Changed file /System/Volumes/Data/Users/martinbernstorff/Dropbox/Life Lessons Bear/Make waste visible.md
INFO:root:Changed file /System/Volumes/Data/Users/martinbernstorff/Dropbox/Life Lessons Bear/Pomodoro Technique.md
INFO:root:Changed file /System/Volumes/Data/Users/martinbernstorff/Dropbox/Life Lessons Bear/Which symptoms are most prevalent among children with MHC.md
INFO:root:Changed file /System/Volumes/Data/Users/martinbernstorff/Dropbox/Life Lessons Bear/Minimise waste.md
INFO:root:Changed file /System/Volumes/Data/Users/martinbernstorff/Dropbox/Life Lessons Bear/Quantification as a nudge is controlling.md
INFO:root:Changed file /System/Volumes/Data/Users/martinbernstorff/Dropbox/Life Lessons Bear/Managing feedback is extremely high leverage.md
INFO:root:Changed file /System/Volumes/Data/Users/martinbernstorff/Dropbox/Life Lessons Bear/When to automate.md
INFO:root:Changed file /System/Volumes/Data/Users/martinbernstorff/Dropbox/Life Lessons Bear/What does MHC consist of.md
INFO:root:Changed file /System/Volumes/Data/Users/martinbernstorff/Dropbox/Life Lessons Bear/Spaced repetition is useful if look-up time is expensive.md
INFO:root:Changed file /System/Volumes/Data/Users/martinbernstorff/Dropbox/Life Lessons Bear/What do I want my workout routine to look like.md
INFO:root:Changed file /System/Volumes/Data/Users/martinbernstorff/Dropbox/Life Lessons Bear/Do the hardest things.md
INFO:root:Changed file /System/Volumes/Data/Users/martinbernstorff/Dropbox/Life Lessons Bear/We need long-term feedback loops.md
INFO:root:Changed file /System/Volumes/Data/Users/martinbernstorff/Dropbox/Life Lessons Bear/What is the purpose of literature review during research.md
INFO:root:Changed file /System/Volumes/Data/Users/martinbernstorff/Dropbox/Life Lessons Bear/For which tasks does Theory of Constraints apply.md
INFO:root:Changed file /System/Volumes/Data/Users/martinbernstorff/Dropbox/Life Lessons Bear/When to delegate.md
INFO:root:Changed file /System/Volumes/Data/Users/martinbernstorff/Dropbox/Life Lessons Bear/Make waste visible.md
INFO:root:Changed file /System/Volumes/Data/Users/martinbernstorff/Dropbox/Life Lessons Bear/Pomodoro Technique.md
INFO:root:Changed file /System/Volumes/Data/Users/martinbernstorff/Dropbox/Life Lessons Bear/Quantification as a nudge is controlling.md
INFO:root:Changed file /System/Volumes/Data/Users/martinbernstorff/Dropbox/Life Lessons Bear/When to automate.md
INFO:root:Changed file /System/Volumes/Data/Users/martinbernstorff/Dropbox/Life Lessons Bear/What does MHC consist of.md
INFO:root:Changed file /System/Volumes/Data/Users/martinbernstorff/Dropbox/Life Lessons Bear/Spaced repetition is useful if look-up time is expensive.md
INFO:root:Changed file /System/Volumes/Data/Users/martinbernstorff/Dropbox/Life Lessons Bear/Do the hardest things.md
INFO:root:Changed file /System/Volumes/Data/Users/martinbernstorff/Dropbox/Life Lessons Bear/We need long-term feedback loops.md
